\BOOKMARK [0][-]{chapter.1}{\376\377\000N\000a\000m\000e\000s\000p\000a\000c\000e\000\040\000I\000n\000d\000e\000x}{}% 1
\BOOKMARK [1][-]{section.1.1}{\376\377\000P\000a\000c\000k\000a\000g\000e\000s}{chapter.1}% 2
\BOOKMARK [0][-]{chapter.2}{\376\377\000H\000i\000e\000r\000a\000r\000c\000h\000i\000c\000a\000l\000\040\000I\000n\000d\000e\000x}{}% 3
\BOOKMARK [1][-]{section.2.1}{\376\377\000C\000l\000a\000s\000s\000\040\000H\000i\000e\000r\000a\000r\000c\000h\000y}{chapter.2}% 4
\BOOKMARK [0][-]{chapter.3}{\376\377\000C\000l\000a\000s\000s\000\040\000I\000n\000d\000e\000x}{}% 5
\BOOKMARK [1][-]{section.3.1}{\376\377\000C\000l\000a\000s\000s\000\040\000L\000i\000s\000t}{chapter.3}% 6
\BOOKMARK [0][-]{chapter.4}{\376\377\000F\000i\000l\000e\000\040\000I\000n\000d\000e\000x}{}% 7
\BOOKMARK [1][-]{section.4.1}{\376\377\000F\000i\000l\000e\000\040\000L\000i\000s\000t}{chapter.4}% 8
\BOOKMARK [0][-]{chapter.5}{\376\377\000N\000a\000m\000e\000s\000p\000a\000c\000e\000\040\000D\000o\000c\000u\000m\000e\000n\000t\000a\000t\000i\000o\000n}{}% 9
\BOOKMARK [1][-]{section.5.1}{\376\377\000P\000a\000c\000k\000a\000g\000e\000\040\000A\000s\000i\000s\000t\000e\000n\000c\000i\000a\000s}{chapter.5}% 10
\BOOKMARK [1][-]{section.5.2}{\376\377\000P\000a\000c\000k\000a\000g\000e\000\040\000A\000s\000i\000s\000t\000e\000n\000c\000i\000a\000s\000.\000P\000r\000o\000p\000e\000r\000t\000i\000e\000s}{chapter.5}% 11
\BOOKMARK [1][-]{section.5.3}{\376\377\000P\000a\000c\000k\000a\000g\000e\000\040\000A\000s\000i\000s\000t\000e\000n\000c\000i\000a\000s\000\137\000w\000p\000f}{chapter.5}% 12
\BOOKMARK [1][-]{section.5.4}{\376\377\000P\000a\000c\000k\000a\000g\000e\000\040\000A\000s\000i\000s\000t\000e\000n\000c\000i\000a\000s\000\137\000w\000p\000f\000.\000P\000r\000o\000p\000e\000r\000t\000i\000e\000s}{chapter.5}% 13
\BOOKMARK [1][-]{section.5.5}{\376\377\000P\000a\000c\000k\000a\000g\000e\000\040\000G\000e\000n\000e\000r\000a\000l\000\137\000c\000u\000e\000n\000t\000a\000s}{chapter.5}% 14
\BOOKMARK [1][-]{section.5.6}{\376\377\000P\000a\000c\000k\000a\000g\000e\000\040\000I\000m\000p\000o\000r\000t\000a\000r\000C\000u\000e\000n\000t\000a\000s}{chapter.5}% 15
\BOOKMARK [1][-]{section.5.7}{\376\377\000P\000a\000c\000k\000a\000g\000e\000\040\000I\000m\000p\000o\000r\000t\000a\000r\000C\000u\000e\000n\000t\000a\000s\000\137\000w\000p\000f}{chapter.5}% 16
\BOOKMARK [1][-]{section.5.8}{\376\377\000P\000a\000c\000k\000a\000g\000e\000\040\000I\000m\000p\000o\000r\000t\000a\000r\000C\000u\000e\000n\000t\000a\000s\000\137\000w\000p\000f\000.\000P\000r\000o\000p\000e\000r\000t\000i\000e\000s}{chapter.5}% 17
\BOOKMARK [1][-]{section.5.9}{\376\377\000P\000a\000c\000k\000a\000g\000e\000\040\000m\000a\000t\000r\000i\000x}{chapter.5}% 18
\BOOKMARK [0][-]{chapter.6}{\376\377\000C\000l\000a\000s\000s\000\040\000D\000o\000c\000u\000m\000e\000n\000t\000a\000t\000i\000o\000n}{}% 19
\BOOKMARK [1][-]{section.6.1}{\376\377\000A\000s\000i\000s\000t\000e\000n\000c\000i\000a\000s\000\137\000w\000p\000f\000.\000A\000l\000u\000m\000n\000o\000s\000D\000a\000t\000a\000S\000e\000t\000\040\000C\000l\000a\000s\000s\000\040\000R\000e\000f\000e\000r\000e\000n\000c\000e}{chapter.6}% 20
\BOOKMARK [2][-]{subsection.6.1.1}{\376\377\000D\000e\000t\000a\000i\000l\000e\000d\000\040\000D\000e\000s\000c\000r\000i\000p\000t\000i\000o\000n}{section.6.1}% 21
\BOOKMARK [2][-]{subsection.6.1.2}{\376\377\000C\000o\000n\000s\000t\000r\000u\000c\000t\000o\000r\000\040\000\046\000\040\000D\000e\000s\000t\000r\000u\000c\000t\000o\000r\000\040\000D\000o\000c\000u\000m\000e\000n\000t\000a\000t\000i\000o\000n}{section.6.1}% 22
\BOOKMARK [3][-]{subsubsection.6.1.2.1}{\376\377\000A\000l\000u\000m\000n\000o\000s\000D\000a\000t\000a\000S\000e\000t}{subsection.6.1.2}% 23
\BOOKMARK [3][-]{subsubsection.6.1.2.2}{\376\377\000A\000l\000u\000m\000n\000o\000s\000D\000a\000t\000a\000S\000e\000t}{subsection.6.1.2}% 24
\BOOKMARK [2][-]{subsection.6.1.3}{\376\377\000M\000e\000m\000b\000e\000r\000\040\000F\000u\000n\000c\000t\000i\000o\000n\000\040\000D\000o\000c\000u\000m\000e\000n\000t\000a\000t\000i\000o\000n}{section.6.1}% 25
\BOOKMARK [3][-]{subsubsection.6.1.3.1}{\376\377\000C\000l\000o\000n\000e}{subsection.6.1.3}% 26
\BOOKMARK [3][-]{subsubsection.6.1.3.2}{\376\377\000G\000e\000t\000S\000c\000h\000e\000m\000a\000S\000e\000r\000i\000a\000l\000i\000z\000a\000b\000l\000e}{subsection.6.1.3}% 27
\BOOKMARK [3][-]{subsubsection.6.1.3.3}{\376\377\000G\000e\000t\000T\000y\000p\000e\000d\000D\000a\000t\000a\000S\000e\000t\000S\000c\000h\000e\000m\000a}{subsection.6.1.3}% 28
\BOOKMARK [3][-]{subsubsection.6.1.3.4}{\376\377\000I\000n\000i\000t\000C\000l\000a\000s\000s}{subsection.6.1.3}% 29
\BOOKMARK [3][-]{subsubsection.6.1.3.5}{\376\377\000I\000n\000i\000t\000i\000a\000l\000i\000z\000e\000D\000e\000r\000i\000v\000e\000d\000D\000a\000t\000a\000S\000e\000t}{subsection.6.1.3}% 30
\BOOKMARK [3][-]{subsubsection.6.1.3.6}{\376\377\000I\000n\000i\000t\000V\000a\000r\000s}{subsection.6.1.3}% 31
\BOOKMARK [3][-]{subsubsection.6.1.3.7}{\376\377\000I\000n\000i\000t\000V\000a\000r\000s}{subsection.6.1.3}% 32
\BOOKMARK [3][-]{subsubsection.6.1.3.8}{\376\377\000R\000e\000a\000d\000X\000m\000l\000S\000e\000r\000i\000a\000l\000i\000z\000a\000b\000l\000e}{subsection.6.1.3}% 33
\BOOKMARK [3][-]{subsubsection.6.1.3.9}{\376\377\000S\000c\000h\000e\000m\000a\000C\000h\000a\000n\000g\000e\000d}{subsection.6.1.3}% 34
\BOOKMARK [3][-]{subsubsection.6.1.3.10}{\376\377\000S\000h\000o\000u\000l\000d\000S\000e\000r\000i\000a\000l\000i\000z\000e\000R\000e\000l\000a\000t\000i\000o\000n\000s}{subsection.6.1.3}% 35
\BOOKMARK [3][-]{subsubsection.6.1.3.11}{\376\377\000S\000h\000o\000u\000l\000d\000S\000e\000r\000i\000a\000l\000i\000z\000e\000T\000a\000b\000l\000e\000s}{subsection.6.1.3}% 36
\BOOKMARK [2][-]{subsection.6.1.4}{\376\377\000M\000e\000m\000b\000e\000r\000\040\000D\000a\000t\000a\000\040\000D\000o\000c\000u\000m\000e\000n\000t\000a\000t\000i\000o\000n}{section.6.1}% 37
\BOOKMARK [3][-]{subsubsection.6.1.4.1}{\376\377\000\137\000s\000c\000h\000e\000m\000a\000S\000e\000r\000i\000a\000l\000i\000z\000a\000t\000i\000o\000n\000M\000o\000d\000e}{subsection.6.1.4}% 38
\BOOKMARK [2][-]{subsection.6.1.5}{\376\377\000P\000r\000o\000p\000e\000r\000t\000y\000\040\000D\000o\000c\000u\000m\000e\000n\000t\000a\000t\000i\000o\000n}{section.6.1}% 39
\BOOKMARK [3][-]{subsubsection.6.1.5.1}{\376\377\000R\000e\000l\000a\000t\000i\000o\000n\000s}{subsection.6.1.5}% 40
\BOOKMARK [3][-]{subsubsection.6.1.5.2}{\376\377\000S\000c\000h\000e\000m\000a\000S\000e\000r\000i\000a\000l\000i\000z\000a\000t\000i\000o\000n\000M\000o\000d\000e}{subsection.6.1.5}% 41
\BOOKMARK [3][-]{subsubsection.6.1.5.3}{\376\377\000T\000a\000b\000l\000e\000s}{subsection.6.1.5}% 42
\BOOKMARK [1][-]{section.6.2}{\376\377\000I\000m\000p\000o\000r\000t\000a\000r\000C\000u\000e\000n\000t\000a\000s\000\137\000w\000p\000f\000.\000A\000p\000p\000\040\000C\000l\000a\000s\000s\000\040\000R\000e\000f\000e\000r\000e\000n\000c\000e}{chapter.6}% 43
\BOOKMARK [2][-]{subsection.6.2.1}{\376\377\000D\000e\000t\000a\000i\000l\000e\000d\000\040\000D\000e\000s\000c\000r\000i\000p\000t\000i\000o\000n}{section.6.2}% 44
\BOOKMARK [2][-]{subsection.6.2.2}{\376\377\000M\000e\000m\000b\000e\000r\000\040\000F\000u\000n\000c\000t\000i\000o\000n\000\040\000D\000o\000c\000u\000m\000e\000n\000t\000a\000t\000i\000o\000n}{section.6.2}% 45
\BOOKMARK [3][-]{subsubsection.6.2.2.1}{\376\377\000I\000n\000i\000t\000i\000a\000l\000i\000z\000e\000C\000o\000m\000p\000o\000n\000e\000n\000t}{subsection.6.2.2}% 46
\BOOKMARK [3][-]{subsubsection.6.2.2.2}{\376\377\000I\000n\000i\000t\000i\000a\000l\000i\000z\000e\000C\000o\000m\000p\000o\000n\000e\000n\000t}{subsection.6.2.2}% 47
\BOOKMARK [3][-]{subsubsection.6.2.2.3}{\376\377\000M\000a\000i\000n}{subsection.6.2.2}% 48
\BOOKMARK [3][-]{subsubsection.6.2.2.4}{\376\377\000M\000a\000i\000n}{subsection.6.2.2}% 49
\BOOKMARK [1][-]{section.6.3}{\376\377\000A\000s\000i\000s\000t\000e\000n\000c\000i\000a\000s\000\137\000w\000p\000f\000.\000A\000p\000p\000\040\000C\000l\000a\000s\000s\000\040\000R\000e\000f\000e\000r\000e\000n\000c\000e}{chapter.6}% 50
\BOOKMARK [2][-]{subsection.6.3.1}{\376\377\000D\000e\000t\000a\000i\000l\000e\000d\000\040\000D\000e\000s\000c\000r\000i\000p\000t\000i\000o\000n}{section.6.3}% 51
\BOOKMARK [2][-]{subsection.6.3.2}{\376\377\000M\000e\000m\000b\000e\000r\000\040\000F\000u\000n\000c\000t\000i\000o\000n\000\040\000D\000o\000c\000u\000m\000e\000n\000t\000a\000t\000i\000o\000n}{section.6.3}% 52
\BOOKMARK [3][-]{subsubsection.6.3.2.1}{\376\377\000a\000l\000S\000a\000l\000i\000r}{subsection.6.3.2}% 53
\BOOKMARK [3][-]{subsubsection.6.3.2.2}{\376\377\000I\000n\000i\000t\000i\000a\000l\000i\000z\000e\000C\000o\000m\000p\000o\000n\000e\000n\000t}{subsection.6.3.2}% 54
\BOOKMARK [3][-]{subsubsection.6.3.2.3}{\376\377\000I\000n\000i\000t\000i\000a\000l\000i\000z\000e\000C\000o\000m\000p\000o\000n\000e\000n\000t}{subsection.6.3.2}% 55
\BOOKMARK [3][-]{subsubsection.6.3.2.4}{\376\377\000I\000n\000i\000t\000i\000a\000l\000i\000z\000e\000C\000o\000m\000p\000o\000n\000e\000n\000t}{subsection.6.3.2}% 56
\BOOKMARK [3][-]{subsubsection.6.3.2.5}{\376\377\000I\000n\000i\000t\000i\000a\000l\000i\000z\000e\000C\000o\000m\000p\000o\000n\000e\000n\000t}{subsection.6.3.2}% 57
\BOOKMARK [3][-]{subsubsection.6.3.2.6}{\376\377\000M\000a\000i\000n}{subsection.6.3.2}% 58
\BOOKMARK [3][-]{subsubsection.6.3.2.7}{\376\377\000M\000a\000i\000n}{subsection.6.3.2}% 59
\BOOKMARK [3][-]{subsubsection.6.3.2.8}{\376\377\000M\000a\000i\000n}{subsection.6.3.2}% 60
\BOOKMARK [3][-]{subsubsection.6.3.2.9}{\376\377\000M\000a\000i\000n}{subsection.6.3.2}% 61
\BOOKMARK [1][-]{section.6.4}{\376\377\000A\000s\000i\000s\000t\000e\000n\000c\000i\000a\000s\000\137\000w\000p\000f\000.\000A\000s\000i\000s\000t\000e\000n\000c\000i\000a\000\040\000C\000l\000a\000s\000s\000\040\000R\000e\000f\000e\000r\000e\000n\000c\000e}{chapter.6}% 62
\BOOKMARK [2][-]{subsection.6.4.1}{\376\377\000D\000e\000t\000a\000i\000l\000e\000d\000\040\000D\000e\000s\000c\000r\000i\000p\000t\000i\000o\000n}{section.6.4}% 63
\BOOKMARK [2][-]{subsection.6.4.2}{\376\377\000P\000r\000o\000p\000e\000r\000t\000y\000\040\000D\000o\000c\000u\000m\000e\000n\000t\000a\000t\000i\000o\000n}{section.6.4}% 64
\BOOKMARK [3][-]{subsubsection.6.4.2.1}{\376\377\000D\000a\000t\000e}{subsection.6.4.2}% 65
\BOOKMARK [3][-]{subsubsection.6.4.2.2}{\376\377\000P\000a\000r\000c\000i\000a\000l}{subsection.6.4.2}% 66
\BOOKMARK [1][-]{section.6.5}{\376\377\000A\000s\000i\000s\000t\000e\000n\000c\000i\000a\000s\000\137\000w\000p\000f\000.\000A\000s\000i\000s\000t\000e\000n\000t\000e\000\040\000C\000l\000a\000s\000s\000\040\000R\000e\000f\000e\000r\000e\000n\000c\000e}{chapter.6}% 67
\BOOKMARK [2][-]{subsection.6.5.1}{\376\377\000D\000e\000t\000a\000i\000l\000e\000d\000\040\000D\000e\000s\000c\000r\000i\000p\000t\000i\000o\000n}{section.6.5}% 68
\BOOKMARK [2][-]{subsection.6.5.2}{\376\377\000M\000e\000m\000b\000e\000r\000\040\000F\000u\000n\000c\000t\000i\000o\000n\000\040\000D\000o\000c\000u\000m\000e\000n\000t\000a\000t\000i\000o\000n}{section.6.5}% 69
\BOOKMARK [3][-]{subsubsection.6.5.2.1}{\376\377\000C\000u\000e\000n\000t\000a\000O\000r\000i\000g\000i\000n\000a\000l}{subsection.6.5.2}% 70
\BOOKMARK [3][-]{subsubsection.6.5.2.2}{\376\377\000N\000o\000t\000i\000f\000y\000P\000r\000o\000p\000e\000r\000t\000y\000C\000h\000a\000n\000g\000e\000d}{subsection.6.5.2}% 71
\BOOKMARK [2][-]{subsection.6.5.3}{\376\377\000M\000e\000m\000b\000e\000r\000\040\000D\000a\000t\000a\000\040\000D\000o\000c\000u\000m\000e\000n\000t\000a\000t\000i\000o\000n}{section.6.5}% 72
\BOOKMARK [3][-]{subsubsection.6.5.3.1}{\376\377\000\137\000a\000s\000i\000s\000t\000e\000n\000c\000i\000a\000s}{subsection.6.5.3}% 73
\BOOKMARK [3][-]{subsubsection.6.5.3.2}{\376\377\000\137\000c\000u\000e\000n\000t\000a\000A\000n\000t\000e\000r\000i\000o\000r}{subsection.6.5.3}% 74
\BOOKMARK [3][-]{subsubsection.6.5.3.3}{\376\377\000\137\000n\000o\000m\000b\000r\000e}{subsection.6.5.3}% 75
\BOOKMARK [3][-]{subsubsection.6.5.3.4}{\376\377\000\137\000n\000u\000m\000e\000r\000o\000C\000u\000e\000n\000t\000a}{subsection.6.5.3}% 76
\BOOKMARK [3][-]{subsubsection.6.5.3.5}{\376\377\000\137\000p\000l\000a\000n\000t\000e\000l}{subsection.6.5.3}% 77
\BOOKMARK [2][-]{subsection.6.5.4}{\376\377\000P\000r\000o\000p\000e\000r\000t\000y\000\040\000D\000o\000c\000u\000m\000e\000n\000t\000a\000t\000i\000o\000n}{section.6.5}% 78
\BOOKMARK [3][-]{subsubsection.6.5.4.1}{\376\377\000A\000s\000i\000s\000t\000e\000n\000c\000i\000a\000s}{subsection.6.5.4}% 79
\BOOKMARK [3][-]{subsubsection.6.5.4.2}{\376\377\000a\000s\000i\000s\000t\000e\000n\000c\000i\000a\000s}{subsection.6.5.4}% 80
\BOOKMARK [3][-]{subsubsection.6.5.4.3}{\376\377\000N\000o\000m\000b\000r\000e}{subsection.6.5.4}% 81
\BOOKMARK [3][-]{subsubsection.6.5.4.4}{\376\377\000n\000u\000m\000e\000r\000o\000C\000u\000e\000n\000t\000a}{subsection.6.5.4}% 82
\BOOKMARK [3][-]{subsubsection.6.5.4.5}{\376\377\000p\000l\000a\000n\000t\000e\000l}{subsection.6.5.4}% 83
\BOOKMARK [2][-]{subsection.6.5.5}{\376\377\000E\000v\000e\000n\000t\000\040\000D\000o\000c\000u\000m\000e\000n\000t\000a\000t\000i\000o\000n}{section.6.5}% 84
\BOOKMARK [3][-]{subsubsection.6.5.5.1}{\376\377\000P\000r\000o\000p\000e\000r\000t\000y\000C\000h\000a\000n\000g\000e\000d}{subsection.6.5.5}% 85
\BOOKMARK [1][-]{section.6.6}{\376\377\000A\000s\000i\000s\000t\000e\000n\000c\000i\000a\000s\000\137\000w\000p\000f\000.\000A\000s\000i\000s\000t\000e\000n\000t\000e\000D\000B\000M\000a\000n\000a\000g\000e\000r\000\040\000C\000l\000a\000s\000s\000\040\000R\000e\000f\000e\000r\000e\000n\000c\000e}{chapter.6}% 86
\BOOKMARK [2][-]{subsection.6.6.1}{\376\377\000D\000e\000t\000a\000i\000l\000e\000d\000\040\000D\000e\000s\000c\000r\000i\000p\000t\000i\000o\000n}{section.6.6}% 87
\BOOKMARK [2][-]{subsection.6.6.2}{\376\377\000M\000e\000m\000b\000e\000r\000\040\000E\000n\000u\000m\000e\000r\000a\000t\000i\000o\000n\000\040\000D\000o\000c\000u\000m\000e\000n\000t\000a\000t\000i\000o\000n}{section.6.6}% 88
\BOOKMARK [3][-]{subsubsection.6.6.2.1}{\376\377\000V\000a\000l\000o\000r\000e\000s\000M\000o\000d\000i\000f\000i\000c\000a\000b\000l\000e\000s}{subsection.6.6.2}% 89
\BOOKMARK [2][-]{subsection.6.6.3}{\376\377\000C\000o\000n\000s\000t\000r\000u\000c\000t\000o\000r\000\040\000\046\000\040\000D\000e\000s\000t\000r\000u\000c\000t\000o\000r\000\040\000D\000o\000c\000u\000m\000e\000n\000t\000a\000t\000i\000o\000n}{section.6.6}% 90
\BOOKMARK [3][-]{subsubsection.6.6.3.1}{\376\377\000A\000s\000i\000s\000t\000e\000n\000t\000e\000D\000B\000M\000a\000n\000a\000g\000e\000r}{subsection.6.6.3}% 91
\BOOKMARK [2][-]{subsection.6.6.4}{\376\377\000M\000e\000m\000b\000e\000r\000\040\000F\000u\000n\000c\000t\000i\000o\000n\000\040\000D\000o\000c\000u\000m\000e\000n\000t\000a\000t\000i\000o\000n}{section.6.6}% 92
\BOOKMARK [3][-]{subsubsection.6.6.4.1}{\376\377\000A\000c\000t\000i\000v\000e}{subsection.6.6.4}% 93
\BOOKMARK [3][-]{subsubsection.6.6.4.2}{\376\377\000A\000d\000d\000T\000o\000D\000B}{subsection.6.6.4}% 94
\BOOKMARK [3][-]{subsubsection.6.6.4.3}{\376\377\000a\000n\000a\000d\000i\000r\000A\000s\000i\000s\000t\000e\000n\000c\000i\000a}{subsection.6.6.4}% 95
\BOOKMARK [3][-]{subsubsection.6.6.4.4}{\376\377\000C\000l\000e\000a\000r}{subsection.6.6.4}% 96
\BOOKMARK [3][-]{subsubsection.6.6.4.5}{\376\377\000c\000u\000e\000n\000t\000a\000M\000o\000d\000i\000f\000i\000c\000a\000d\000a}{subsection.6.6.4}% 97
\BOOKMARK [3][-]{subsubsection.6.6.4.6}{\376\377\000m\000o\000d\000i\000f\000i\000c\000a\000r\000D\000a\000t\000o}{subsection.6.6.4}% 98
\BOOKMARK [3][-]{subsubsection.6.6.4.7}{\376\377\000s\000e\000t\000A\000s\000i\000s\000t\000e\000n\000t\000e}{subsection.6.6.4}% 99
\BOOKMARK [2][-]{subsection.6.6.5}{\376\377\000M\000e\000m\000b\000e\000r\000\040\000D\000a\000t\000a\000\040\000D\000o\000c\000u\000m\000e\000n\000t\000a\000t\000i\000o\000n}{section.6.6}% 100
\BOOKMARK [3][-]{subsubsection.6.6.5.1}{\376\377\000c\000o\000n\000e\000x\000i\000o\000n}{subsection.6.6.5}% 101
\BOOKMARK [3][-]{subsubsection.6.6.5.2}{\376\377\000H\000o\000l\000d\000e\000r}{subsection.6.6.5}% 102
\BOOKMARK [1][-]{section.6.7}{\376\377\000A\000s\000i\000s\000t\000e\000n\000c\000i\000a\000s\000\137\000w\000p\000f\000.\000A\000s\000i\000s\000t\000e\000n\000t\000e\000s\000P\000o\000p\000u\000l\000a\000t\000o\000r\000\040\000C\000l\000a\000s\000s\000\040\000R\000e\000f\000e\000r\000e\000n\000c\000e}{chapter.6}% 103
\BOOKMARK [2][-]{subsection.6.7.1}{\376\377\000D\000e\000t\000a\000i\000l\000e\000d\000\040\000D\000e\000s\000c\000r\000i\000p\000t\000i\000o\000n}{section.6.7}% 104
\BOOKMARK [2][-]{subsection.6.7.2}{\376\377\000C\000o\000n\000s\000t\000r\000u\000c\000t\000o\000r\000\040\000\046\000\040\000D\000e\000s\000t\000r\000u\000c\000t\000o\000r\000\040\000D\000o\000c\000u\000m\000e\000n\000t\000a\000t\000i\000o\000n}{section.6.7}% 105
\BOOKMARK [3][-]{subsubsection.6.7.2.1}{\376\377\000A\000s\000i\000s\000t\000e\000n\000t\000e\000s\000P\000o\000p\000u\000l\000a\000t\000o\000r}{subsection.6.7.2}% 106
\BOOKMARK [2][-]{subsection.6.7.3}{\376\377\000M\000e\000m\000b\000e\000r\000\040\000F\000u\000n\000c\000t\000i\000o\000n\000\040\000D\000o\000c\000u\000m\000e\000n\000t\000a\000t\000i\000o\000n}{section.6.7}% 107
\BOOKMARK [3][-]{subsubsection.6.7.3.1}{\376\377\000c\000u\000e\000n\000t\000a\000M\000o\000d\000i\000f\000i\000c\000a\000d\000a}{subsection.6.7.3}% 108
\BOOKMARK [3][-]{subsubsection.6.7.3.2}{\376\377\000g\000e\000n\000e\000r\000a\000r\000A\000c\000r\000e\000d\000i\000t\000a\000d\000o\000s}{subsection.6.7.3}% 109
\BOOKMARK [3][-]{subsubsection.6.7.3.3}{\376\377\000g\000e\000n\000e\000r\000a\000r\000L\000i\000s\000t\000a}{subsection.6.7.3}% 110
\BOOKMARK [2][-]{subsection.6.7.4}{\376\377\000M\000e\000m\000b\000e\000r\000\040\000D\000a\000t\000a\000\040\000D\000o\000c\000u\000m\000e\000n\000t\000a\000t\000i\000o\000n}{section.6.7}% 111
\BOOKMARK [3][-]{subsubsection.6.7.4.1}{\376\377\000\137\000a\000c\000r\000e\000d\000i\000t\000a\000d\000o\000s}{subsection.6.7.4}% 112
\BOOKMARK [3][-]{subsubsection.6.7.4.2}{\376\377\000\137\000a\000s\000i\000s\000t\000e\000n\000t\000e\000s}{subsection.6.7.4}% 113
\BOOKMARK [3][-]{subsubsection.6.7.4.3}{\376\377\000A\000l\000u\000m\000n\000o\000s}{subsection.6.7.4}% 114
\BOOKMARK [3][-]{subsubsection.6.7.4.4}{\376\377\000a\000s\000i\000s\000t\000e\000n\000t\000e\000D\000B}{subsection.6.7.4}% 115
\BOOKMARK [3][-]{subsubsection.6.7.4.5}{\376\377\000c\000l\000u\000b\000S\000e\000l\000e\000c\000c\000i\000o\000n\000a\000d\000o}{subsection.6.7.4}% 116
\BOOKMARK [3][-]{subsubsection.6.7.4.6}{\376\377\000c\000o\000n\000n}{subsection.6.7.4}% 117
\BOOKMARK [3][-]{subsubsection.6.7.4.7}{\376\377\000p\000a\000r\000c\000i\000a\000l}{subsection.6.7.4}% 118
\BOOKMARK [2][-]{subsection.6.7.5}{\376\377\000P\000r\000o\000p\000e\000r\000t\000y\000\040\000D\000o\000c\000u\000m\000e\000n\000t\000a\000t\000i\000o\000n}{section.6.7}% 119
\BOOKMARK [3][-]{subsubsection.6.7.5.1}{\376\377\000A\000c\000r\000e\000d\000i\000t\000a\000d\000o\000s}{subsection.6.7.5}% 120
\BOOKMARK [3][-]{subsubsection.6.7.5.2}{\376\377\000A\000s\000i\000s\000t\000e\000n\000t\000e\000s}{subsection.6.7.5}% 121
\BOOKMARK [1][-]{section.6.8}{\376\377\000A\000s\000i\000s\000t\000e\000n\000c\000i\000a\000s\000\137\000w\000p\000f\000.\000C\000l\000u\000b\000\040\000C\000l\000a\000s\000s\000\040\000R\000e\000f\000e\000r\000e\000n\000c\000e}{chapter.6}% 122
\BOOKMARK [2][-]{subsection.6.8.1}{\376\377\000D\000e\000t\000a\000i\000l\000e\000d\000\040\000D\000e\000s\000c\000r\000i\000p\000t\000i\000o\000n}{section.6.8}% 123
\BOOKMARK [2][-]{subsection.6.8.2}{\376\377\000M\000e\000m\000b\000e\000r\000\040\000F\000u\000n\000c\000t\000i\000o\000n\000\040\000D\000o\000c\000u\000m\000e\000n\000t\000a\000t\000i\000o\000n}{section.6.8}% 124
\BOOKMARK [3][-]{subsubsection.6.8.2.1}{\376\377\000N\000o\000t\000i\000f\000y\000P\000r\000o\000p\000e\000r\000t\000y\000C\000h\000a\000n\000g\000e\000d}{subsection.6.8.2}% 125
\BOOKMARK [3][-]{subsubsection.6.8.2.2}{\376\377\000T\000o\000S\000t\000r\000i\000n\000g}{subsection.6.8.2}% 126
\BOOKMARK [2][-]{subsection.6.8.3}{\376\377\000M\000e\000m\000b\000e\000r\000\040\000D\000a\000t\000a\000\040\000D\000o\000c\000u\000m\000e\000n\000t\000a\000t\000i\000o\000n}{section.6.8}% 127
\BOOKMARK [3][-]{subsubsection.6.8.3.1}{\376\377\000\137\000a\000s\000i\000s\000t\000e\000n\000c\000i\000a\000s}{subsection.6.8.3}% 128
\BOOKMARK [3][-]{subsubsection.6.8.3.2}{\376\377\000\137\000i\000d}{subsection.6.8.3}% 129
\BOOKMARK [3][-]{subsubsection.6.8.3.3}{\376\377\000\137\000n\000o\000m\000b\000r\000e}{subsection.6.8.3}% 130
\BOOKMARK [3][-]{subsubsection.6.8.3.4}{\376\377\000\137\000p\000a\000r\000c\000i\000a\000l\000e\000s}{subsection.6.8.3}% 131
\BOOKMARK [2][-]{subsection.6.8.4}{\376\377\000P\000r\000o\000p\000e\000r\000t\000y\000\040\000D\000o\000c\000u\000m\000e\000n\000t\000a\000t\000i\000o\000n}{section.6.8}% 132
\BOOKMARK [3][-]{subsubsection.6.8.4.1}{\376\377\000A\000s\000i\000s\000t\000e\000n\000c\000i\000a\000s\000P\000a\000r\000a\000P\000a\000r\000c\000i\000a\000l}{subsection.6.8.4}% 133
\BOOKMARK [3][-]{subsubsection.6.8.4.2}{\376\377\000I\000d}{subsection.6.8.4}% 134
\BOOKMARK [3][-]{subsubsection.6.8.4.3}{\376\377\000N\000o\000m\000b\000r\000e}{subsection.6.8.4}% 135
\BOOKMARK [3][-]{subsubsection.6.8.4.4}{\376\377\000P\000a\000r\000c\000i\000a\000l\000e\000s}{subsection.6.8.4}% 136
\BOOKMARK [2][-]{subsection.6.8.5}{\376\377\000E\000v\000e\000n\000t\000\040\000D\000o\000c\000u\000m\000e\000n\000t\000a\000t\000i\000o\000n}{section.6.8}% 137
\BOOKMARK [3][-]{subsubsection.6.8.5.1}{\376\377\000P\000r\000o\000p\000e\000r\000t\000y\000C\000h\000a\000n\000g\000e\000d}{subsection.6.8.5}% 138
\BOOKMARK [1][-]{section.6.9}{\376\377\000A\000s\000i\000s\000t\000e\000n\000c\000i\000a\000s\000\137\000w\000p\000f\000.\000C\000l\000u\000b\000D\000B\000M\000a\000n\000a\000g\000e\000r\000\040\000C\000l\000a\000s\000s\000\040\000R\000e\000f\000e\000r\000e\000n\000c\000e}{chapter.6}% 139
\BOOKMARK [2][-]{subsection.6.9.1}{\376\377\000D\000e\000t\000a\000i\000l\000e\000d\000\040\000D\000e\000s\000c\000r\000i\000p\000t\000i\000o\000n}{section.6.9}% 140
\BOOKMARK [2][-]{subsection.6.9.2}{\376\377\000M\000e\000m\000b\000e\000r\000\040\000E\000n\000u\000m\000e\000r\000a\000t\000i\000o\000n\000\040\000D\000o\000c\000u\000m\000e\000n\000t\000a\000t\000i\000o\000n}{section.6.9}% 141
\BOOKMARK [3][-]{subsubsection.6.9.2.1}{\376\377\000V\000a\000l\000o\000r\000e\000s\000M\000o\000d\000i\000f\000i\000c\000a\000b\000l\000e\000s}{subsection.6.9.2}% 142
\BOOKMARK [2][-]{subsection.6.9.3}{\376\377\000C\000o\000n\000s\000t\000r\000u\000c\000t\000o\000r\000\040\000\046\000\040\000D\000e\000s\000t\000r\000u\000c\000t\000o\000r\000\040\000D\000o\000c\000u\000m\000e\000n\000t\000a\000t\000i\000o\000n}{section.6.9}% 143
\BOOKMARK [3][-]{subsubsection.6.9.3.1}{\376\377\000C\000l\000u\000b\000D\000B\000M\000a\000n\000a\000g\000e\000r}{subsection.6.9.3}% 144
\BOOKMARK [2][-]{subsection.6.9.4}{\376\377\000M\000e\000m\000b\000e\000r\000\040\000F\000u\000n\000c\000t\000i\000o\000n\000\040\000D\000o\000c\000u\000m\000e\000n\000t\000a\000t\000i\000o\000n}{section.6.9}% 145
\BOOKMARK [3][-]{subsubsection.6.9.4.1}{\376\377\000A\000c\000t\000i\000v\000e}{subsection.6.9.4}% 146
\BOOKMARK [3][-]{subsubsection.6.9.4.2}{\376\377\000A\000d\000d\000T\000o\000D\000B}{subsection.6.9.4}% 147
\BOOKMARK [3][-]{subsubsection.6.9.4.3}{\376\377\000C\000l\000e\000a\000r}{subsection.6.9.4}% 148
\BOOKMARK [3][-]{subsubsection.6.9.4.4}{\376\377\000c\000l\000u\000b\000M\000o\000d\000i\000f\000i\000c\000a\000d\000o}{subsection.6.9.4}% 149
\BOOKMARK [3][-]{subsubsection.6.9.4.5}{\376\377\000m\000o\000d\000i\000f\000i\000c\000a\000r\000D\000a\000t\000o}{subsection.6.9.4}% 150
\BOOKMARK [3][-]{subsubsection.6.9.4.6}{\376\377\000R\000e\000m\000o\000v\000e\000F\000r\000o\000m\000D\000B}{subsection.6.9.4}% 151
\BOOKMARK [3][-]{subsubsection.6.9.4.7}{\376\377\000s\000e\000t\000C\000l\000u\000b}{subsection.6.9.4}% 152
\BOOKMARK [2][-]{subsection.6.9.5}{\376\377\000M\000e\000m\000b\000e\000r\000\040\000D\000a\000t\000a\000\040\000D\000o\000c\000u\000m\000e\000n\000t\000a\000t\000i\000o\000n}{section.6.9}% 153
\BOOKMARK [3][-]{subsubsection.6.9.5.1}{\376\377\000c\000o\000n\000e\000x\000i\000o\000n}{subsection.6.9.5}% 154
\BOOKMARK [3][-]{subsubsection.6.9.5.2}{\376\377\000H\000o\000l\000d\000e\000r}{subsection.6.9.5}% 155
\BOOKMARK [1][-]{section.6.10}{\376\377\000A\000s\000i\000s\000t\000e\000n\000c\000i\000a\000s\000.\000F\000o\000r\000m\0001\000\040\000C\000l\000a\000s\000s\000\040\000R\000e\000f\000e\000r\000e\000n\000c\000e}{chapter.6}% 156
\BOOKMARK [2][-]{subsection.6.10.1}{\376\377\000D\000e\000t\000a\000i\000l\000e\000d\000\040\000D\000e\000s\000c\000r\000i\000p\000t\000i\000o\000n}{section.6.10}% 157
\BOOKMARK [2][-]{subsection.6.10.2}{\376\377\000C\000o\000n\000s\000t\000r\000u\000c\000t\000o\000r\000\040\000\046\000\040\000D\000e\000s\000t\000r\000u\000c\000t\000o\000r\000\040\000D\000o\000c\000u\000m\000e\000n\000t\000a\000t\000i\000o\000n}{section.6.10}% 158
\BOOKMARK [3][-]{subsubsection.6.10.2.1}{\376\377\000F\000o\000r\000m\0001}{subsection.6.10.2}% 159
\BOOKMARK [2][-]{subsection.6.10.3}{\376\377\000M\000e\000m\000b\000e\000r\000\040\000F\000u\000n\000c\000t\000i\000o\000n\000\040\000D\000o\000c\000u\000m\000e\000n\000t\000a\000t\000i\000o\000n}{section.6.10}% 160
\BOOKMARK [3][-]{subsubsection.6.10.3.1}{\376\377\000b\000u\000t\000t\000o\000n\0001\000\137\000C\000l\000i\000c\000k}{subsection.6.10.3}% 161
\BOOKMARK [3][-]{subsubsection.6.10.3.2}{\376\377\000D\000i\000s\000p\000o\000s\000e}{subsection.6.10.3}% 162
\BOOKMARK [3][-]{subsubsection.6.10.3.3}{\376\377\000I\000n\000i\000t\000i\000a\000l\000i\000z\000e\000C\000o\000m\000p\000o\000n\000e\000n\000t}{subsection.6.10.3}% 163
\BOOKMARK [3][-]{subsubsection.6.10.3.4}{\376\377\000t\000e\000x\000t\000B\000o\000x\0001\000\137\000T\000e\000x\000t\000C\000h\000a\000n\000g\000e\000d}{subsection.6.10.3}% 164
\BOOKMARK [2][-]{subsection.6.10.4}{\376\377\000M\000e\000m\000b\000e\000r\000\040\000D\000a\000t\000a\000\040\000D\000o\000c\000u\000m\000e\000n\000t\000a\000t\000i\000o\000n}{section.6.10}% 165
\BOOKMARK [3][-]{subsubsection.6.10.4.1}{\376\377\000b\000u\000t\000t\000o\000n\0001}{subsection.6.10.4}% 166
\BOOKMARK [3][-]{subsubsection.6.10.4.2}{\376\377\000c\000o\000m\000p\000o\000n\000e\000n\000t\000s}{subsection.6.10.4}% 167
\BOOKMARK [3][-]{subsubsection.6.10.4.3}{\376\377\000l\000a\000b\000e\000l\0001}{subsection.6.10.4}% 168
\BOOKMARK [3][-]{subsubsection.6.10.4.4}{\376\377\000l\000b\000l\000E\000s\000t\000a\000d\000o}{subsection.6.10.4}% 169
\BOOKMARK [3][-]{subsubsection.6.10.4.5}{\376\377\000t\000a\000b\000A\000s\000i\000s\000t\000e\000n\000c\000i\000a}{subsection.6.10.4}% 170
\BOOKMARK [3][-]{subsubsection.6.10.4.6}{\376\377\000t\000a\000b\000C\000o\000n\000t\000r\000o\000l\0001}{subsection.6.10.4}% 171
\BOOKMARK [3][-]{subsubsection.6.10.4.7}{\376\377\000t\000a\000b\000R\000e\000g\000i\000s\000t\000r\000o}{subsection.6.10.4}% 172
\BOOKMARK [3][-]{subsubsection.6.10.4.8}{\376\377\000t\000x\000t\000C\000u\000e\000n\000t\000a}{subsection.6.10.4}% 173
\BOOKMARK [1][-]{section.6.11}{\376\377\000I\000m\000p\000o\000r\000t\000a\000r\000C\000u\000e\000n\000t\000a\000s\000\137\000w\000p\000f\000.\000M\000a\000i\000n\000W\000i\000n\000d\000o\000w\000\040\000C\000l\000a\000s\000s\000\040\000R\000e\000f\000e\000r\000e\000n\000c\000e}{chapter.6}% 174
\BOOKMARK [2][-]{subsection.6.11.1}{\376\377\000D\000e\000t\000a\000i\000l\000e\000d\000\040\000D\000e\000s\000c\000r\000i\000p\000t\000i\000o\000n}{section.6.11}% 175
\BOOKMARK [2][-]{subsection.6.11.2}{\376\377\000C\000o\000n\000s\000t\000r\000u\000c\000t\000o\000r\000\040\000\046\000\040\000D\000e\000s\000t\000r\000u\000c\000t\000o\000r\000\040\000D\000o\000c\000u\000m\000e\000n\000t\000a\000t\000i\000o\000n}{section.6.11}% 176
\BOOKMARK [3][-]{subsubsection.6.11.2.1}{\376\377\000M\000a\000i\000n\000W\000i\000n\000d\000o\000w}{subsection.6.11.2}% 177
\BOOKMARK [2][-]{subsection.6.11.3}{\376\377\000M\000e\000m\000b\000e\000r\000\040\000F\000u\000n\000c\000t\000i\000o\000n\000\040\000D\000o\000c\000u\000m\000e\000n\000t\000a\000t\000i\000o\000n}{section.6.11}% 178
\BOOKMARK [3][-]{subsubsection.6.11.3.1}{\376\377\000C\000o\000n\000n\000e\000c\000t}{subsection.6.11.3}% 179
\BOOKMARK [3][-]{subsubsection.6.11.3.2}{\376\377\000C\000o\000n\000n\000e\000c\000t}{subsection.6.11.3}% 180
\BOOKMARK [3][-]{subsubsection.6.11.3.3}{\376\377\000I\000n\000i\000t\000i\000a\000l\000i\000z\000e\000C\000o\000m\000p\000o\000n\000e\000n\000t}{subsection.6.11.3}% 181
\BOOKMARK [3][-]{subsubsection.6.11.3.4}{\376\377\000I\000n\000i\000t\000i\000a\000l\000i\000z\000e\000C\000o\000m\000p\000o\000n\000e\000n\000t}{subsection.6.11.3}% 182
\BOOKMARK [3][-]{subsubsection.6.11.3.5}{\376\377\000s\000e\000l\000e\000c\000c\000i\000o\000n\000a\000r\000A\000r\000c\000h\000i\000v\000o\000s}{subsection.6.11.3}% 183
\BOOKMARK [2][-]{subsection.6.11.4}{\376\377\000M\000e\000m\000b\000e\000r\000\040\000D\000a\000t\000a\000\040\000D\000o\000c\000u\000m\000e\000n\000t\000a\000t\000i\000o\000n}{section.6.11}% 184
\BOOKMARK [3][-]{subsubsection.6.11.4.1}{\376\377\000\137\000c\000o\000n\000t\000e\000n\000t\000L\000o\000a\000d\000e\000d}{subsection.6.11.4}% 185
\BOOKMARK [3][-]{subsubsection.6.11.4.2}{\376\377\000c\000o\000n\000n}{subsection.6.11.4}% 186
\BOOKMARK [3][-]{subsubsection.6.11.4.3}{\376\377\000c\000u\000e\000n\000t\000a\000s}{subsection.6.11.4}% 187
\BOOKMARK [3][-]{subsubsection.6.11.4.4}{\376\377\000C\000u\000e\000n\000t\000a\000s}{subsection.6.11.4}% 188
\BOOKMARK [3][-]{subsubsection.6.11.4.5}{\376\377\000d\000i\000a\000l\000o\000g}{subsection.6.11.4}% 189
\BOOKMARK [1][-]{section.6.12}{\376\377\000A\000s\000i\000s\000t\000e\000n\000c\000i\000a\000s\000\137\000w\000p\000f\000.\000M\000a\000i\000n\000W\000i\000n\000d\000o\000w\000\040\000C\000l\000a\000s\000s\000\040\000R\000e\000f\000e\000r\000e\000n\000c\000e}{chapter.6}% 190
\BOOKMARK [2][-]{subsection.6.12.1}{\376\377\000D\000e\000t\000a\000i\000l\000e\000d\000\040\000D\000e\000s\000c\000r\000i\000p\000t\000i\000o\000n}{section.6.12}% 191
\BOOKMARK [2][-]{subsection.6.12.2}{\376\377\000C\000o\000n\000s\000t\000r\000u\000c\000t\000o\000r\000\040\000\046\000\040\000D\000e\000s\000t\000r\000u\000c\000t\000o\000r\000\040\000D\000o\000c\000u\000m\000e\000n\000t\000a\000t\000i\000o\000n}{section.6.12}% 192
\BOOKMARK [3][-]{subsubsection.6.12.2.1}{\376\377\000M\000a\000i\000n\000W\000i\000n\000d\000o\000w}{subsection.6.12.2}% 193
\BOOKMARK [2][-]{subsection.6.12.3}{\376\377\000M\000e\000m\000b\000e\000r\000\040\000F\000u\000n\000c\000t\000i\000o\000n\000\040\000D\000o\000c\000u\000m\000e\000n\000t\000a\000t\000i\000o\000n}{section.6.12}% 194
\BOOKMARK [3][-]{subsubsection.6.12.3.1}{\376\377\000a\000c\000r\000e\000d\000i\000t\000a\000d\000o\000s\000C\000l\000k}{subsection.6.12.3}% 195
\BOOKMARK [3][-]{subsubsection.6.12.3.2}{\376\377\000a\000l\000C\000e\000r\000r\000a\000r}{subsection.6.12.3}% 196
\BOOKMARK [3][-]{subsubsection.6.12.3.3}{\376\377\000a\000n\000a\000d\000i\000r\000A\000s\000i\000s\000t\000e\000n\000c\000i\000a}{subsection.6.12.3}% 197
\BOOKMARK [3][-]{subsubsection.6.12.3.4}{\376\377\000b\000t\000n\000A\000n\000a\000d\000i\000r\000A\000s\000i\000s}{subsection.6.12.3}% 198
\BOOKMARK [3][-]{subsubsection.6.12.3.5}{\376\377\000b\000t\000n\000L\000o\000o\000k\000u\000p\000C\000l\000i\000c\000k}{subsection.6.12.3}% 199
\BOOKMARK [3][-]{subsubsection.6.12.3.6}{\376\377\000b\000u\000s\000c\000a\000r\000A\000s\000i\000s\000t\000e\000n\000t\000e}{subsection.6.12.3}% 200
\BOOKMARK [3][-]{subsubsection.6.12.3.7}{\376\377\000b\000u\000s\000c\000a\000r\000A\000s\000i\000s\000t\000e\000n\000t\000e}{subsection.6.12.3}% 201
\BOOKMARK [3][-]{subsubsection.6.12.3.8}{\376\377\000C\000o\000n\000n\000e\000c\000t}{subsection.6.12.3}% 202
\BOOKMARK [3][-]{subsubsection.6.12.3.9}{\376\377\000C\000o\000n\000n\000e\000c\000t}{subsection.6.12.3}% 203
\BOOKMARK [3][-]{subsubsection.6.12.3.10}{\376\377\000C\000o\000n\000n\000e\000c\000t}{subsection.6.12.3}% 204
\BOOKMARK [3][-]{subsubsection.6.12.3.11}{\376\377\000C\000o\000n\000n\000e\000c\000t}{subsection.6.12.3}% 205
\BOOKMARK [3][-]{subsubsection.6.12.3.12}{\376\377\000g\000e\000n\000e\000r\000a\000t\000i\000n\000g\000C\000o\000l\000u\000m\000n}{subsection.6.12.3}% 206
\BOOKMARK [3][-]{subsubsection.6.12.3.13}{\376\377\000I\000n\000i\000t\000i\000a\000l\000i\000z\000e\000C\000o\000m\000p\000o\000n\000e\000n\000t}{subsection.6.12.3}% 207
\BOOKMARK [3][-]{subsubsection.6.12.3.14}{\376\377\000I\000n\000i\000t\000i\000a\000l\000i\000z\000e\000C\000o\000m\000p\000o\000n\000e\000n\000t}{subsection.6.12.3}% 208
\BOOKMARK [3][-]{subsubsection.6.12.3.15}{\376\377\000I\000n\000i\000t\000i\000a\000l\000i\000z\000e\000C\000o\000m\000p\000o\000n\000e\000n\000t}{subsection.6.12.3}% 209
\BOOKMARK [3][-]{subsubsection.6.12.3.16}{\376\377\000I\000n\000i\000t\000i\000a\000l\000i\000z\000e\000C\000o\000m\000p\000o\000n\000e\000n\000t}{subsection.6.12.3}% 210
\BOOKMARK [3][-]{subsubsection.6.12.3.17}{\376\377\000l\000o\000s\000t\000F\000o\000c\000u\000s\000I\000n\000R\000o\000w}{subsection.6.12.3}% 211
\BOOKMARK [3][-]{subsubsection.6.12.3.18}{\376\377\000o\000n\000E\000n\000t\000e\000r}{subsection.6.12.3}% 212
\BOOKMARK [3][-]{subsubsection.6.12.3.19}{\376\377\000o\000n\000E\000n\000t\000e\000r\000R}{subsection.6.12.3}% 213
\BOOKMARK [3][-]{subsubsection.6.12.3.20}{\376\377\000o\000n\000F\000o\000c\000u\000s}{subsection.6.12.3}% 214
\BOOKMARK [3][-]{subsubsection.6.12.3.21}{\376\377\000P\000o\000p\000u\000p\000A\000s\000i\000s\000t\000e\000n\000c\000i\000a\000s\000P\000e\000r\000s\000o\000n\000a\000l}{subsection.6.12.3}% 215
\BOOKMARK [3][-]{subsubsection.6.12.3.22}{\376\377\000P\000o\000p\000u\000p\000L\000o\000s\000t\000F\000o\000c\000u\000s}{subsection.6.12.3}% 216
\BOOKMARK [3][-]{subsubsection.6.12.3.23}{\376\377\000R\000e\000g\000i\000s\000t\000r\000a\000r\000\137\000C\000l\000i\000c\000k}{subsection.6.12.3}% 217
\BOOKMARK [3][-]{subsubsection.6.12.3.24}{\376\377\000r\000e\000g\000i\000s\000t\000r\000a\000r\000A\000s\000i\000s\000t\000e\000n\000t\000e}{subsection.6.12.3}% 218
\BOOKMARK [3][-]{subsubsection.6.12.3.25}{\376\377\000s\000e\000l\000e\000c\000t\000e\000d\000C\000e\000l\000l\000s\000C\000h\000a\000n\000g\000e}{subsection.6.12.3}% 219
\BOOKMARK [3][-]{subsubsection.6.12.3.26}{\376\377\000T\000e\000x\000t\000B\000o\000x\000T\000e\000x\000t\000A\000l\000l\000o\000w\000e\000d}{subsection.6.12.3}% 220
\BOOKMARK [3][-]{subsubsection.6.12.3.27}{\376\377\000t\000e\000x\000t\000B\000o\000x\000V\000a\000l\000u\000e\000\137\000P\000a\000s\000t\000i\000n\000g}{subsection.6.12.3}% 221
\BOOKMARK [3][-]{subsubsection.6.12.3.28}{\376\377\000t\000e\000x\000t\000B\000o\000x\000V\000a\000l\000u\000e\000\137\000P\000r\000e\000v\000i\000e\000w\000T\000e\000x\000t\000I\000n\000p\000u\000t}{subsection.6.12.3}% 222
\BOOKMARK [3][-]{subsubsection.6.12.3.29}{\376\377\000t\000x\000t\000C\000u\000e\000n\000t\000a\000\137\000T\000e\000x\000t\000C\000h\000a\000n\000g\000e\000d}{subsection.6.12.3}% 223
\BOOKMARK [3][-]{subsubsection.6.12.3.30}{\376\377\000W\000i\000n\000d\000o\000w\000\137\000L\000o\000a\000d\000e\000d\000\137\0001}{subsection.6.12.3}% 224
\BOOKMARK [2][-]{subsection.6.12.4}{\376\377\000M\000e\000m\000b\000e\000r\000\040\000D\000a\000t\000a\000\040\000D\000o\000c\000u\000m\000e\000n\000t\000a\000t\000i\000o\000n}{section.6.12}% 225
\BOOKMARK [3][-]{subsubsection.6.12.4.1}{\376\377\000\137\000c\000o\000n\000t\000e\000n\000t\000L\000o\000a\000d\000e\000d}{subsection.6.12.4}% 226
\BOOKMARK [3][-]{subsubsection.6.12.4.2}{\376\377\000a\000c\000r\000e\000d\000i\000t\000a\000d\000o\000s}{subsection.6.12.4}% 227
\BOOKMARK [3][-]{subsubsection.6.12.4.3}{\376\377\000A\000l\000u\000m\000n\000o\000s}{subsection.6.12.4}% 228
\BOOKMARK [3][-]{subsubsection.6.12.4.4}{\376\377\000a\000s\000i\000s\000t\000e\000n\000t\000e\000M\000a\000n\000a\000g\000e\000r}{subsection.6.12.4}% 229
\BOOKMARK [3][-]{subsubsection.6.12.4.5}{\376\377\000a\000s\000i\000s\000t\000e\000n\000t\000e\000s}{subsection.6.12.4}% 230
\BOOKMARK [3][-]{subsubsection.6.12.4.6}{\376\377\000b\000t\000n\000A\000c\000r\000e\000d\000i\000t\000a\000d\000o\000s}{subsection.6.12.4}% 231
\BOOKMARK [3][-]{subsubsection.6.12.4.7}{\376\377\000b\000t\000n\000A\000s\000i\000s\000t}{subsection.6.12.4}% 232
\BOOKMARK [3][-]{subsubsection.6.12.4.8}{\376\377\000b\000t\000n\000L\000o\000o\000k\000u\000p}{subsection.6.12.4}% 233
\BOOKMARK [3][-]{subsubsection.6.12.4.9}{\376\377\000b\000t\000n\000R\000e\000g\000i\000s\000t\000r\000a\000r}{subsection.6.12.4}% 234
\BOOKMARK [3][-]{subsubsection.6.12.4.10}{\376\377\000c\000e\000l\000l\000H\000a\000s\000B\000e\000e\000n\000S\000e\000l\000e\000c\000t\000e\000d}{subsection.6.12.4}% 235
\BOOKMARK [3][-]{subsubsection.6.12.4.11}{\376\377\000c\000h\000k\000T\000o\000d\000o\000s}{subsection.6.12.4}% 236
\BOOKMARK [3][-]{subsubsection.6.12.4.12}{\376\377\000c\000l\000u\000b\000S\000e\000l\000e\000c\000c\000i\000o\000n\000a\000d\000o}{subsection.6.12.4}% 237
\BOOKMARK [3][-]{subsubsection.6.12.4.13}{\376\377\000c\000o\000n\000n}{subsection.6.12.4}% 238
\BOOKMARK [3][-]{subsubsection.6.12.4.14}{\376\377\000g\000d\000A\000s\000i\000s\000t\000e\000n\000c\000i\000a\000s}{subsection.6.12.4}% 239
\BOOKMARK [3][-]{subsubsection.6.12.4.15}{\376\377\000g\000d\000A\000s\000i\000s\000t\000e\000n\000c\000i\000a\000s\000P\000o\000r\000A\000l\000u\000m\000n\000o}{subsection.6.12.4}% 240
\BOOKMARK [3][-]{subsubsection.6.12.4.16}{\376\377\000l\000b\000l\000E\000s\000t\000a\000d\000o}{subsection.6.12.4}% 241
\BOOKMARK [3][-]{subsubsection.6.12.4.17}{\376\377\000p\000a\000r\000c\000i\000a\000l}{subsection.6.12.4}% 242
\BOOKMARK [3][-]{subsubsection.6.12.4.18}{\376\377\000p\000o\000p\000u\000l\000a\000t\000o\000r}{subsection.6.12.4}% 243
\BOOKMARK [3][-]{subsubsection.6.12.4.19}{\376\377\000P\000o\000p\000u\000p\000L\000o\000o\000k\000u\000p}{subsection.6.12.4}% 244
\BOOKMARK [3][-]{subsubsection.6.12.4.20}{\376\377\000S\000e\000n\000d\000e\000r}{subsection.6.12.4}% 245
\BOOKMARK [3][-]{subsubsection.6.12.4.21}{\376\377\000t\000x\000t\000C\000u\000e\000n\000t\000a}{subsection.6.12.4}% 246
\BOOKMARK [3][-]{subsubsection.6.12.4.22}{\376\377\000t\000x\000t\000C\000u\000e\000n\000t\000a\000R}{subsection.6.12.4}% 247
\BOOKMARK [3][-]{subsubsection.6.12.4.23}{\376\377\000t\000x\000t\000N\000o\000m\000b\000r\000e}{subsection.6.12.4}% 248
\BOOKMARK [3][-]{subsubsection.6.12.4.24}{\376\377\000t\000x\000t\000P\000l\000a\000n\000t\000e\000l}{subsection.6.12.4}% 249
\BOOKMARK [1][-]{section.6.13}{\376\377\000A\000s\000i\000s\000t\000e\000n\000c\000i\000a\000s\000\137\000w\000p\000f\000.\000M\000a\000i\000n\000W\000i\000n\000d\000o\000w\000V\000i\000e\000w\000M\000o\000d\000e\000l\000\040\000C\000l\000a\000s\000s\000\040\000R\000e\000f\000e\000r\000e\000n\000c\000e}{chapter.6}% 250
\BOOKMARK [2][-]{subsection.6.13.1}{\376\377\000D\000e\000t\000a\000i\000l\000e\000d\000\040\000D\000e\000s\000c\000r\000i\000p\000t\000i\000o\000n}{section.6.13}% 251
\BOOKMARK [2][-]{subsection.6.13.2}{\376\377\000C\000o\000n\000s\000t\000r\000u\000c\000t\000o\000r\000\040\000\046\000\040\000D\000e\000s\000t\000r\000u\000c\000t\000o\000r\000\040\000D\000o\000c\000u\000m\000e\000n\000t\000a\000t\000i\000o\000n}{section.6.13}% 252
\BOOKMARK [3][-]{subsubsection.6.13.2.1}{\376\377\000M\000a\000i\000n\000W\000i\000n\000d\000o\000w\000V\000i\000e\000w\000M\000o\000d\000e\000l}{subsection.6.13.2}% 253
\BOOKMARK [2][-]{subsection.6.13.3}{\376\377\000P\000r\000o\000p\000e\000r\000t\000y\000\040\000D\000o\000c\000u\000m\000e\000n\000t\000a\000t\000i\000o\000n}{section.6.13}% 254
\BOOKMARK [3][-]{subsubsection.6.13.3.1}{\376\377\000A\000s\000i\000s\000t\000e\000n\000t\000e\000s}{subsection.6.13.3}% 255
\BOOKMARK [1][-]{section.6.14}{\376\377\000A\000s\000i\000s\000t\000e\000n\000c\000i\000a\000s\000\137\000w\000p\000f\000.\000M\000o\000d\000i\000f\000i\000c\000a\000r\000C\000l\000u\000b\000\040\000C\000l\000a\000s\000s\000\040\000R\000e\000f\000e\000r\000e\000n\000c\000e}{chapter.6}% 256
\BOOKMARK [2][-]{subsection.6.14.1}{\376\377\000D\000e\000t\000a\000i\000l\000e\000d\000\040\000D\000e\000s\000c\000r\000i\000p\000t\000i\000o\000n}{section.6.14}% 257
\BOOKMARK [2][-]{subsection.6.14.2}{\376\377\000C\000o\000n\000s\000t\000r\000u\000c\000t\000o\000r\000\040\000\046\000\040\000D\000e\000s\000t\000r\000u\000c\000t\000o\000r\000\040\000D\000o\000c\000u\000m\000e\000n\000t\000a\000t\000i\000o\000n}{section.6.14}% 258
\BOOKMARK [3][-]{subsubsection.6.14.2.1}{\376\377\000M\000o\000d\000i\000f\000i\000c\000a\000r\000C\000l\000u\000b}{subsection.6.14.2}% 259
\BOOKMARK [2][-]{subsection.6.14.3}{\376\377\000M\000e\000m\000b\000e\000r\000\040\000F\000u\000n\000c\000t\000i\000o\000n\000\040\000D\000o\000c\000u\000m\000e\000n\000t\000a\000t\000i\000o\000n}{section.6.14}% 260
\BOOKMARK [3][-]{subsubsection.6.14.3.1}{\376\377\000a\000l\000C\000e\000r\000r\000a\000r}{subsection.6.14.3}% 261
\BOOKMARK [3][-]{subsubsection.6.14.3.2}{\376\377\000c\000l\000i\000c\000k\000E\000d\000i\000t}{subsection.6.14.3}% 262
\BOOKMARK [3][-]{subsubsection.6.14.3.3}{\376\377\000c\000l\000i\000c\000k\000E\000l\000i\000m\000i\000n\000a\000r}{subsection.6.14.3}% 263
\BOOKMARK [3][-]{subsubsection.6.14.3.4}{\376\377\000C\000o\000n\000n\000e\000c\000t}{subsection.6.14.3}% 264
\BOOKMARK [3][-]{subsubsection.6.14.3.5}{\376\377\000C\000o\000n\000n\000e\000c\000t}{subsection.6.14.3}% 265
\BOOKMARK [3][-]{subsubsection.6.14.3.6}{\376\377\000I\000n\000i\000t\000i\000a\000l\000i\000z\000e\000C\000o\000m\000p\000o\000n\000e\000n\000t}{subsection.6.14.3}% 266
\BOOKMARK [3][-]{subsubsection.6.14.3.7}{\376\377\000I\000n\000i\000t\000i\000a\000l\000i\000z\000e\000C\000o\000m\000p\000o\000n\000e\000n\000t}{subsection.6.14.3}% 267
\BOOKMARK [3][-]{subsubsection.6.14.3.8}{\376\377\000s\000l\000i\000d\000e\000r\000C\000h\000a\000n\000g\000e}{subsection.6.14.3}% 268
\BOOKMARK [2][-]{subsection.6.14.4}{\376\377\000M\000e\000m\000b\000e\000r\000\040\000D\000a\000t\000a\000\040\000D\000o\000c\000u\000m\000e\000n\000t\000a\000t\000i\000o\000n}{section.6.14}% 269
\BOOKMARK [3][-]{subsubsection.6.14.4.1}{\376\377\000\137\000c\000o\000n\000t\000e\000n\000t\000L\000o\000a\000d\000e\000d}{subsection.6.14.4}% 270
\BOOKMARK [3][-]{subsubsection.6.14.4.2}{\376\377\000c\000l\000u\000b\000M\000a\000n\000a\000g\000e\000r}{subsection.6.14.4}% 271
\BOOKMARK [3][-]{subsubsection.6.14.4.3}{\376\377\000c\000o\000n\000n}{subsection.6.14.4}% 272
\BOOKMARK [3][-]{subsubsection.6.14.4.4}{\376\377\000l\000b\000l\000A\000s\000i\000s\000t}{subsection.6.14.4}% 273
\BOOKMARK [3][-]{subsubsection.6.14.4.5}{\376\377\000l\000b\000l\000P\000a\000r\000c\000i\000a\000l\000e\000s}{subsection.6.14.4}% 274
\BOOKMARK [3][-]{subsubsection.6.14.4.6}{\376\377\000p\000l\000a\000c\000e\000h\000o\000l\000d\000e\000r}{subsection.6.14.4}% 275
\BOOKMARK [3][-]{subsubsection.6.14.4.7}{\376\377\000s\000e\000l\000e\000c\000t\000e\000d}{subsection.6.14.4}% 276
\BOOKMARK [3][-]{subsubsection.6.14.4.8}{\376\377\000S\000e\000n\000d\000e\000r}{subsection.6.14.4}% 277
\BOOKMARK [3][-]{subsubsection.6.14.4.9}{\376\377\000s\000l\000d\000A\000s\000s\000i\000s\000t}{subsection.6.14.4}% 278
\BOOKMARK [3][-]{subsubsection.6.14.4.10}{\376\377\000s\000l\000d\000P\000a\000r\000c\000i\000a\000l\000e\000s}{subsection.6.14.4}% 279
\BOOKMARK [3][-]{subsubsection.6.14.4.11}{\376\377\000t\000x\000t\000N\000o\000m\000b\000r\000e}{subsection.6.14.4}% 280
\BOOKMARK [1][-]{section.6.15}{\376\377\000m\000a\000t\000r\000i\000x\000.\000P\000r\000o\000g\000r\000a\000m\000\040\000C\000l\000a\000s\000s\000\040\000R\000e\000f\000e\000r\000e\000n\000c\000e}{chapter.6}% 281
\BOOKMARK [2][-]{subsection.6.15.1}{\376\377\000D\000e\000t\000a\000i\000l\000e\000d\000\040\000D\000e\000s\000c\000r\000i\000p\000t\000i\000o\000n}{section.6.15}% 282
\BOOKMARK [2][-]{subsection.6.15.2}{\376\377\000M\000e\000m\000b\000e\000r\000\040\000F\000u\000n\000c\000t\000i\000o\000n\000\040\000D\000o\000c\000u\000m\000e\000n\000t\000a\000t\000i\000o\000n}{section.6.15}% 283
\BOOKMARK [3][-]{subsubsection.6.15.2.1}{\376\377\000I\000n\000i\000t\000i\000a\000l\000i\000z\000e}{subsection.6.15.2}% 284
\BOOKMARK [3][-]{subsubsection.6.15.2.2}{\376\377\000i\000n\000S\000c\000r\000e\000e\000n\000Y\000P\000o\000s\000i\000t\000i\000o\000n}{subsection.6.15.2}% 285
\BOOKMARK [3][-]{subsubsection.6.15.2.3}{\376\377\000M\000a\000i\000n}{subsection.6.15.2}% 286
\BOOKMARK [3][-]{subsubsection.6.15.2.4}{\376\377\000U\000p\000d\000a\000t\000e\000A\000l\000l\000C\000o\000l\000u\000m\000n\000s}{subsection.6.15.2}% 287
\BOOKMARK [2][-]{subsection.6.15.3}{\376\377\000M\000e\000m\000b\000e\000r\000\040\000D\000a\000t\000a\000\040\000D\000o\000c\000u\000m\000e\000n\000t\000a\000t\000i\000o\000n}{section.6.15}% 288
\BOOKMARK [3][-]{subsubsection.6.15.3.1}{\376\377\000B\000l\000a\000c\000k\000i\000n\000g}{subsection.6.15.3}% 289
\BOOKMARK [3][-]{subsubsection.6.15.3.2}{\376\377\000C\000o\000u\000n\000t\000e\000r}{subsection.6.15.3}% 290
\BOOKMARK [3][-]{subsubsection.6.15.3.3}{\376\377\000F\000a\000n\000c\000y\000C\000o\000l\000o\000r}{subsection.6.15.3}% 291
\BOOKMARK [3][-]{subsubsection.6.15.3.4}{\376\377\000F\000u\000l\000l\000F\000l\000o\000w}{subsection.6.15.3}% 292
\BOOKMARK [3][-]{subsubsection.6.15.3.5}{\376\377\000G\000l\000o\000w\000C\000o\000l\000o\000r}{subsection.6.15.3}% 293
\BOOKMARK [3][-]{subsubsection.6.15.3.6}{\376\377\000I\000n\000t\000e\000r\000v\000a\000l}{subsection.6.15.3}% 294
\BOOKMARK [3][-]{subsubsection.6.15.3.7}{\376\377\000N\000o\000r\000m\000a\000l\000C\000o\000l\000o\000r}{subsection.6.15.3}% 295
\BOOKMARK [3][-]{subsubsection.6.15.3.8}{\376\377\000r\000a\000n\000d}{subsection.6.15.3}% 296
\BOOKMARK [3][-]{subsubsection.6.15.3.9}{\376\377\000T\000e\000x\000t\000I\000n\000p\000u\000t}{subsection.6.15.3}% 297
\BOOKMARK [2][-]{subsection.6.15.4}{\376\377\000P\000r\000o\000p\000e\000r\000t\000y\000\040\000D\000o\000c\000u\000m\000e\000n\000t\000a\000t\000i\000o\000n}{section.6.15}% 298
\BOOKMARK [3][-]{subsubsection.6.15.4.1}{\376\377\000A\000s\000c\000i\000i\000C\000h\000a\000r\000a\000c\000t\000e\000r}{subsection.6.15.4}% 299
\BOOKMARK [1][-]{section.6.16}{\376\377\000G\000e\000n\000e\000r\000a\000l\000\137\000c\000u\000e\000n\000t\000a\000s\000.\000P\000r\000o\000g\000r\000a\000m\000\040\000C\000l\000a\000s\000s\000\040\000R\000e\000f\000e\000r\000e\000n\000c\000e}{chapter.6}% 300
\BOOKMARK [2][-]{subsection.6.16.1}{\376\377\000D\000e\000t\000a\000i\000l\000e\000d\000\040\000D\000e\000s\000c\000r\000i\000p\000t\000i\000o\000n}{section.6.16}% 301
\BOOKMARK [2][-]{subsection.6.16.2}{\376\377\000M\000e\000m\000b\000e\000r\000\040\000F\000u\000n\000c\000t\000i\000o\000n\000\040\000D\000o\000c\000u\000m\000e\000n\000t\000a\000t\000i\000o\000n}{section.6.16}% 302
\BOOKMARK [3][-]{subsubsection.6.16.2.1}{\376\377\000G\000e\000n\000e\000r\000a\000t\000e}{subsection.6.16.2}% 303
\BOOKMARK [3][-]{subsubsection.6.16.2.2}{\376\377\000M\000a\000i\000n}{subsection.6.16.2}% 304
\BOOKMARK [2][-]{subsection.6.16.3}{\376\377\000M\000e\000m\000b\000e\000r\000\040\000D\000a\000t\000a\000\040\000D\000o\000c\000u\000m\000e\000n\000t\000a\000t\000i\000o\000n}{section.6.16}% 305
\BOOKMARK [3][-]{subsubsection.6.16.3.1}{\376\377\000s\000t\000r\000e\000a\000m\000R\000e\000a\000d\000e\000r\0001}{subsection.6.16.3}% 306
\BOOKMARK [3][-]{subsubsection.6.16.3.2}{\376\377\000s\000t\000r\000e\000a\000m\000R\000e\000a\000d\000e\000r\0002}{subsection.6.16.3}% 307
\BOOKMARK [3][-]{subsubsection.6.16.3.3}{\376\377\000s\000t\000r\000e\000a\000m\000R\000e\000a\000d\000e\000r\0003}{subsection.6.16.3}% 308
\BOOKMARK [1][-]{section.6.17}{\376\377\000A\000s\000i\000s\000t\000e\000n\000c\000i\000a\000s\000.\000P\000r\000o\000g\000r\000a\000m\000\040\000C\000l\000a\000s\000s\000\040\000R\000e\000f\000e\000r\000e\000n\000c\000e}{chapter.6}% 309
\BOOKMARK [2][-]{subsection.6.17.1}{\376\377\000D\000e\000t\000a\000i\000l\000e\000d\000\040\000D\000e\000s\000c\000r\000i\000p\000t\000i\000o\000n}{section.6.17}% 310
\BOOKMARK [2][-]{subsection.6.17.2}{\376\377\000M\000e\000m\000b\000e\000r\000\040\000F\000u\000n\000c\000t\000i\000o\000n\000\040\000D\000o\000c\000u\000m\000e\000n\000t\000a\000t\000i\000o\000n}{section.6.17}% 311
\BOOKMARK [3][-]{subsubsection.6.17.2.1}{\376\377\000M\000a\000i\000n}{subsection.6.17.2}% 312
\BOOKMARK [1][-]{section.6.18}{\376\377\000I\000m\000p\000o\000r\000t\000a\000r\000C\000u\000e\000n\000t\000a\000s\000.\000P\000r\000o\000g\000r\000a\000m\000\040\000C\000l\000a\000s\000s\000\040\000R\000e\000f\000e\000r\000e\000n\000c\000e}{chapter.6}% 313
\BOOKMARK [2][-]{subsection.6.18.1}{\376\377\000D\000e\000t\000a\000i\000l\000e\000d\000\040\000D\000e\000s\000c\000r\000i\000p\000t\000i\000o\000n}{section.6.18}% 314
\BOOKMARK [2][-]{subsection.6.18.2}{\376\377\000M\000e\000m\000b\000e\000r\000\040\000F\000u\000n\000c\000t\000i\000o\000n\000\040\000D\000o\000c\000u\000m\000e\000n\000t\000a\000t\000i\000o\000n}{section.6.18}% 315
\BOOKMARK [3][-]{subsubsection.6.18.2.1}{\376\377\000M\000a\000i\000n}{subsection.6.18.2}% 316
\BOOKMARK [1][-]{section.6.19}{\376\377\000A\000s\000i\000s\000t\000e\000n\000c\000i\000a\000s\000\137\000w\000p\000f\000.\000R\000e\000g\000i\000s\000t\000r\000o\000C\000l\000u\000b\000\040\000C\000l\000a\000s\000s\000\040\000R\000e\000f\000e\000r\000e\000n\000c\000e}{chapter.6}% 317
\BOOKMARK [2][-]{subsection.6.19.1}{\376\377\000D\000e\000t\000a\000i\000l\000e\000d\000\040\000D\000e\000s\000c\000r\000i\000p\000t\000i\000o\000n}{section.6.19}% 318
\BOOKMARK [2][-]{subsection.6.19.2}{\376\377\000C\000o\000n\000s\000t\000r\000u\000c\000t\000o\000r\000\040\000\046\000\040\000D\000e\000s\000t\000r\000u\000c\000t\000o\000r\000\040\000D\000o\000c\000u\000m\000e\000n\000t\000a\000t\000i\000o\000n}{section.6.19}% 319
\BOOKMARK [3][-]{subsubsection.6.19.2.1}{\376\377\000R\000e\000g\000i\000s\000t\000r\000o\000C\000l\000u\000b}{subsection.6.19.2}% 320
\BOOKMARK [2][-]{subsection.6.19.3}{\376\377\000M\000e\000m\000b\000e\000r\000\040\000F\000u\000n\000c\000t\000i\000o\000n\000\040\000D\000o\000c\000u\000m\000e\000n\000t\000a\000t\000i\000o\000n}{section.6.19}% 321
\BOOKMARK [3][-]{subsubsection.6.19.3.1}{\376\377\000a\000l\000C\000e\000r\000r\000a\000r}{subsection.6.19.3}% 322
\BOOKMARK [3][-]{subsubsection.6.19.3.2}{\376\377\000c\000l\000i\000c\000k\000R\000e\000g\000i\000s\000t\000r\000o}{subsection.6.19.3}% 323
\BOOKMARK [3][-]{subsubsection.6.19.3.3}{\376\377\000C\000o\000n\000n\000e\000c\000t}{subsection.6.19.3}% 324
\BOOKMARK [3][-]{subsubsection.6.19.3.4}{\376\377\000C\000o\000n\000n\000e\000c\000t}{subsection.6.19.3}% 325
\BOOKMARK [3][-]{subsubsection.6.19.3.5}{\376\377\000I\000n\000i\000t\000i\000a\000l\000i\000z\000e\000C\000o\000m\000p\000o\000n\000e\000n\000t}{subsection.6.19.3}% 326
\BOOKMARK [3][-]{subsubsection.6.19.3.6}{\376\377\000I\000n\000i\000t\000i\000a\000l\000i\000z\000e\000C\000o\000m\000p\000o\000n\000e\000n\000t}{subsection.6.19.3}% 327
\BOOKMARK [3][-]{subsubsection.6.19.3.7}{\376\377\000r\000e\000g\000i\000s\000t\000r\000a\000r\000C\000l\000u\000b}{subsection.6.19.3}% 328
\BOOKMARK [3][-]{subsubsection.6.19.3.8}{\376\377\000s\000l\000i\000d\000e\000r\000C\000h\000a\000n\000g\000e}{subsection.6.19.3}% 329
\BOOKMARK [2][-]{subsection.6.19.4}{\376\377\000M\000e\000m\000b\000e\000r\000\040\000D\000a\000t\000a\000\040\000D\000o\000c\000u\000m\000e\000n\000t\000a\000t\000i\000o\000n}{section.6.19}% 330
\BOOKMARK [3][-]{subsubsection.6.19.4.1}{\376\377\000\137\000c\000o\000n\000t\000e\000n\000t\000L\000o\000a\000d\000e\000d}{subsection.6.19.4}% 331
\BOOKMARK [3][-]{subsubsection.6.19.4.2}{\376\377\000c\000l\000u\000b\000M\000a\000n\000a\000g\000e\000r}{subsection.6.19.4}% 332
\BOOKMARK [3][-]{subsubsection.6.19.4.3}{\376\377\000c\000o\000n\000n}{subsection.6.19.4}% 333
\BOOKMARK [3][-]{subsubsection.6.19.4.4}{\376\377\000l\000b\000l\000A\000s\000i\000s\000t}{subsection.6.19.4}% 334
\BOOKMARK [3][-]{subsubsection.6.19.4.5}{\376\377\000l\000b\000l\000P\000a\000r\000c\000i\000a\000l\000e\000s}{subsection.6.19.4}% 335
\BOOKMARK [3][-]{subsubsection.6.19.4.6}{\376\377\000p\000l\000a\000c\000e\000h\000o\000l\000d\000e\000r}{subsection.6.19.4}% 336
\BOOKMARK [3][-]{subsubsection.6.19.4.7}{\376\377\000S\000e\000n\000d\000e\000r}{subsection.6.19.4}% 337
\BOOKMARK [3][-]{subsubsection.6.19.4.8}{\376\377\000s\000l\000d\000A\000s\000s\000i\000s\000t}{subsection.6.19.4}% 338
\BOOKMARK [3][-]{subsubsection.6.19.4.9}{\376\377\000s\000l\000d\000P\000a\000r\000c\000i\000a\000l\000e\000s}{subsection.6.19.4}% 339
\BOOKMARK [3][-]{subsubsection.6.19.4.10}{\376\377\000t\000x\000t\000N\000o\000m\000b\000r\000e}{subsection.6.19.4}% 340
\BOOKMARK [1][-]{section.6.20}{\376\377\000A\000s\000i\000s\000t\000e\000n\000c\000i\000a\000s\000\137\000w\000p\000f\000.\000P\000r\000o\000p\000e\000r\000t\000i\000e\000s\000.\000R\000e\000s\000o\000u\000r\000c\000e\000s\000\040\000C\000l\000a\000s\000s\000\040\000R\000e\000f\000e\000r\000e\000n\000c\000e}{chapter.6}% 341
\BOOKMARK [2][-]{subsection.6.20.1}{\376\377\000D\000e\000t\000a\000i\000l\000e\000d\000\040\000D\000e\000s\000c\000r\000i\000p\000t\000i\000o\000n}{section.6.20}% 342
\BOOKMARK [2][-]{subsection.6.20.2}{\376\377\000C\000o\000n\000s\000t\000r\000u\000c\000t\000o\000r\000\040\000\046\000\040\000D\000e\000s\000t\000r\000u\000c\000t\000o\000r\000\040\000D\000o\000c\000u\000m\000e\000n\000t\000a\000t\000i\000o\000n}{section.6.20}% 343
\BOOKMARK [3][-]{subsubsection.6.20.2.1}{\376\377\000R\000e\000s\000o\000u\000r\000c\000e\000s}{subsection.6.20.2}% 344
\BOOKMARK [2][-]{subsection.6.20.3}{\376\377\000M\000e\000m\000b\000e\000r\000\040\000D\000a\000t\000a\000\040\000D\000o\000c\000u\000m\000e\000n\000t\000a\000t\000i\000o\000n}{section.6.20}% 345
\BOOKMARK [3][-]{subsubsection.6.20.3.1}{\376\377\000r\000e\000s\000o\000u\000r\000c\000e\000C\000u\000l\000t\000u\000r\000e}{subsection.6.20.3}% 346
\BOOKMARK [3][-]{subsubsection.6.20.3.2}{\376\377\000r\000e\000s\000o\000u\000r\000c\000e\000M\000a\000n}{subsection.6.20.3}% 347
\BOOKMARK [2][-]{subsection.6.20.4}{\376\377\000P\000r\000o\000p\000e\000r\000t\000y\000\040\000D\000o\000c\000u\000m\000e\000n\000t\000a\000t\000i\000o\000n}{section.6.20}% 348
\BOOKMARK [3][-]{subsubsection.6.20.4.1}{\376\377\000C\000u\000l\000t\000u\000r\000e}{subsection.6.20.4}% 349
\BOOKMARK [3][-]{subsubsection.6.20.4.2}{\376\377\000R\000e\000s\000o\000u\000r\000c\000e\000M\000a\000n\000a\000g\000e\000r}{subsection.6.20.4}% 350
\BOOKMARK [1][-]{section.6.21}{\376\377\000A\000s\000i\000s\000t\000e\000n\000c\000i\000a\000s\000.\000P\000r\000o\000p\000e\000r\000t\000i\000e\000s\000.\000R\000e\000s\000o\000u\000r\000c\000e\000s\000\040\000C\000l\000a\000s\000s\000\040\000R\000e\000f\000e\000r\000e\000n\000c\000e}{chapter.6}% 351
\BOOKMARK [2][-]{subsection.6.21.1}{\376\377\000D\000e\000t\000a\000i\000l\000e\000d\000\040\000D\000e\000s\000c\000r\000i\000p\000t\000i\000o\000n}{section.6.21}% 352
\BOOKMARK [2][-]{subsection.6.21.2}{\376\377\000C\000o\000n\000s\000t\000r\000u\000c\000t\000o\000r\000\040\000\046\000\040\000D\000e\000s\000t\000r\000u\000c\000t\000o\000r\000\040\000D\000o\000c\000u\000m\000e\000n\000t\000a\000t\000i\000o\000n}{section.6.21}% 353
\BOOKMARK [3][-]{subsubsection.6.21.2.1}{\376\377\000R\000e\000s\000o\000u\000r\000c\000e\000s}{subsection.6.21.2}% 354
\BOOKMARK [2][-]{subsection.6.21.3}{\376\377\000M\000e\000m\000b\000e\000r\000\040\000D\000a\000t\000a\000\040\000D\000o\000c\000u\000m\000e\000n\000t\000a\000t\000i\000o\000n}{section.6.21}% 355
\BOOKMARK [3][-]{subsubsection.6.21.3.1}{\376\377\000r\000e\000s\000o\000u\000r\000c\000e\000C\000u\000l\000t\000u\000r\000e}{subsection.6.21.3}% 356
\BOOKMARK [3][-]{subsubsection.6.21.3.2}{\376\377\000r\000e\000s\000o\000u\000r\000c\000e\000M\000a\000n}{subsection.6.21.3}% 357
\BOOKMARK [2][-]{subsection.6.21.4}{\376\377\000P\000r\000o\000p\000e\000r\000t\000y\000\040\000D\000o\000c\000u\000m\000e\000n\000t\000a\000t\000i\000o\000n}{section.6.21}% 358
\BOOKMARK [3][-]{subsubsection.6.21.4.1}{\376\377\000C\000u\000l\000t\000u\000r\000e}{subsection.6.21.4}% 359
\BOOKMARK [3][-]{subsubsection.6.21.4.2}{\376\377\000R\000e\000s\000o\000u\000r\000c\000e\000M\000a\000n\000a\000g\000e\000r}{subsection.6.21.4}% 360
\BOOKMARK [1][-]{section.6.22}{\376\377\000I\000m\000p\000o\000r\000t\000a\000r\000C\000u\000e\000n\000t\000a\000s\000\137\000w\000p\000f\000.\000P\000r\000o\000p\000e\000r\000t\000i\000e\000s\000.\000R\000e\000s\000o\000u\000r\000c\000e\000s\000\040\000C\000l\000a\000s\000s\000\040\000R\000e\000f\000e\000r\000e\000n\000c\000e}{chapter.6}% 361
\BOOKMARK [2][-]{subsection.6.22.1}{\376\377\000D\000e\000t\000a\000i\000l\000e\000d\000\040\000D\000e\000s\000c\000r\000i\000p\000t\000i\000o\000n}{section.6.22}% 362
\BOOKMARK [2][-]{subsection.6.22.2}{\376\377\000C\000o\000n\000s\000t\000r\000u\000c\000t\000o\000r\000\040\000\046\000\040\000D\000e\000s\000t\000r\000u\000c\000t\000o\000r\000\040\000D\000o\000c\000u\000m\000e\000n\000t\000a\000t\000i\000o\000n}{section.6.22}% 363
\BOOKMARK [3][-]{subsubsection.6.22.2.1}{\376\377\000R\000e\000s\000o\000u\000r\000c\000e\000s}{subsection.6.22.2}% 364
\BOOKMARK [2][-]{subsection.6.22.3}{\376\377\000M\000e\000m\000b\000e\000r\000\040\000D\000a\000t\000a\000\040\000D\000o\000c\000u\000m\000e\000n\000t\000a\000t\000i\000o\000n}{section.6.22}% 365
\BOOKMARK [3][-]{subsubsection.6.22.3.1}{\376\377\000r\000e\000s\000o\000u\000r\000c\000e\000C\000u\000l\000t\000u\000r\000e}{subsection.6.22.3}% 366
\BOOKMARK [3][-]{subsubsection.6.22.3.2}{\376\377\000r\000e\000s\000o\000u\000r\000c\000e\000M\000a\000n}{subsection.6.22.3}% 367
\BOOKMARK [2][-]{subsection.6.22.4}{\376\377\000P\000r\000o\000p\000e\000r\000t\000y\000\040\000D\000o\000c\000u\000m\000e\000n\000t\000a\000t\000i\000o\000n}{section.6.22}% 368
\BOOKMARK [3][-]{subsubsection.6.22.4.1}{\376\377\000C\000u\000l\000t\000u\000r\000e}{subsection.6.22.4}% 369
\BOOKMARK [3][-]{subsubsection.6.22.4.2}{\376\377\000R\000e\000s\000o\000u\000r\000c\000e\000M\000a\000n\000a\000g\000e\000r}{subsection.6.22.4}% 370
\BOOKMARK [1][-]{section.6.23}{\376\377\000A\000s\000i\000s\000t\000e\000n\000c\000i\000a\000s\000\137\000w\000p\000f\000.\000S\000e\000l\000e\000c\000c\000i\000o\000n\000\040\000C\000l\000a\000s\000s\000\040\000R\000e\000f\000e\000r\000e\000n\000c\000e}{chapter.6}% 371
\BOOKMARK [2][-]{subsection.6.23.1}{\376\377\000D\000e\000t\000a\000i\000l\000e\000d\000\040\000D\000e\000s\000c\000r\000i\000p\000t\000i\000o\000n}{section.6.23}% 372
\BOOKMARK [2][-]{subsection.6.23.2}{\376\377\000C\000o\000n\000s\000t\000r\000u\000c\000t\000o\000r\000\040\000\046\000\040\000D\000e\000s\000t\000r\000u\000c\000t\000o\000r\000\040\000D\000o\000c\000u\000m\000e\000n\000t\000a\000t\000i\000o\000n}{section.6.23}% 373
\BOOKMARK [3][-]{subsubsection.6.23.2.1}{\376\377\000S\000e\000l\000e\000c\000c\000i\000o\000n}{subsection.6.23.2}% 374
\BOOKMARK [2][-]{subsection.6.23.3}{\376\377\000M\000e\000m\000b\000e\000r\000\040\000F\000u\000n\000c\000t\000i\000o\000n\000\040\000D\000o\000c\000u\000m\000e\000n\000t\000a\000t\000i\000o\000n}{section.6.23}% 375
\BOOKMARK [3][-]{subsubsection.6.23.3.1}{\376\377\000A\000l\000I\000n\000i\000c\000i\000a\000r}{subsection.6.23.3}% 376
\BOOKMARK [3][-]{subsubsection.6.23.3.2}{\376\377\000c\000l\000i\000c\000k\000C\000l\000u\000b\000e\000s}{subsection.6.23.3}% 377
\BOOKMARK [3][-]{subsubsection.6.23.3.3}{\376\377\000c\000l\000i\000c\000k\000E\000d\000i\000t}{subsection.6.23.3}% 378
\BOOKMARK [3][-]{subsubsection.6.23.3.4}{\376\377\000c\000l\000i\000c\000k\000E\000n\000t\000r\000a\000r}{subsection.6.23.3}% 379
\BOOKMARK [3][-]{subsubsection.6.23.3.5}{\376\377\000C\000o\000n\000n\000e\000c\000t}{subsection.6.23.3}% 380
\BOOKMARK [3][-]{subsubsection.6.23.3.6}{\376\377\000C\000o\000n\000n\000e\000c\000t}{subsection.6.23.3}% 381
\BOOKMARK [3][-]{subsubsection.6.23.3.7}{\376\377\000D\000e\000s\000p\000u\000e\000s\000D\000e\000C\000a\000r\000g\000a\000r}{subsection.6.23.3}% 382
\BOOKMARK [3][-]{subsubsection.6.23.3.8}{\376\377\000e\000n\000a\000b\000l\000e\000E\000n\000t\000r\000a\000r}{subsection.6.23.3}% 383
\BOOKMARK [3][-]{subsubsection.6.23.3.9}{\376\377\000g\000u\000a\000r\000d\000a\000r\000P\000a\000r\000c\000i\000a\000l}{subsection.6.23.3}% 384
\BOOKMARK [3][-]{subsubsection.6.23.3.10}{\376\377\000I\000n\000i\000t\000i\000a\000l\000i\000z\000e\000C\000o\000m\000p\000o\000n\000e\000n\000t}{subsection.6.23.3}% 385
\BOOKMARK [3][-]{subsubsection.6.23.3.11}{\376\377\000I\000n\000i\000t\000i\000a\000l\000i\000z\000e\000C\000o\000m\000p\000o\000n\000e\000n\000t}{subsection.6.23.3}% 386
\BOOKMARK [3][-]{subsubsection.6.23.3.12}{\376\377\000l\000l\000e\000n\000a\000r\000P\000a\000r\000c\000i\000a\000l}{subsection.6.23.3}% 387
\BOOKMARK [3][-]{subsubsection.6.23.3.13}{\376\377\000R\000e\000f\000r\000e\000s\000h}{subsection.6.23.3}% 388
\BOOKMARK [2][-]{subsection.6.23.4}{\376\377\000M\000e\000m\000b\000e\000r\000\040\000D\000a\000t\000a\000\040\000D\000o\000c\000u\000m\000e\000n\000t\000a\000t\000i\000o\000n}{section.6.23}% 389
\BOOKMARK [3][-]{subsubsection.6.23.4.1}{\376\377\000\137\000c\000o\000n\000t\000e\000n\000t\000L\000o\000a\000d\000e\000d}{subsection.6.23.4}% 390
\BOOKMARK [3][-]{subsubsection.6.23.4.2}{\376\377\000b\000t\000n\000E\000n\000t\000r\000a\000r}{subsection.6.23.4}% 391
\BOOKMARK [3][-]{subsubsection.6.23.4.3}{\376\377\000C\000l\000u\000b\000e\000s}{subsection.6.23.4}% 392
\BOOKMARK [3][-]{subsubsection.6.23.4.4}{\376\377\000c\000m\000b\000C\000l\000u\000b}{subsection.6.23.4}% 393
\BOOKMARK [3][-]{subsubsection.6.23.4.5}{\376\377\000c\000m\000b\000P\000a\000r\000c\000i\000a\000l}{subsection.6.23.4}% 394
\BOOKMARK [3][-]{subsubsection.6.23.4.6}{\376\377\000c\000o\000n\000n}{subsection.6.23.4}% 395
\BOOKMARK [1][-]{section.6.24}{\376\377\000A\000s\000i\000s\000t\000e\000n\000c\000i\000a\000s\000.\000P\000r\000o\000p\000e\000r\000t\000i\000e\000s\000.\000S\000e\000t\000t\000i\000n\000g\000s\000\040\000C\000l\000a\000s\000s\000\040\000R\000e\000f\000e\000r\000e\000n\000c\000e}{chapter.6}% 396
\BOOKMARK [2][-]{subsection.6.24.1}{\376\377\000D\000e\000t\000a\000i\000l\000e\000d\000\040\000D\000e\000s\000c\000r\000i\000p\000t\000i\000o\000n}{section.6.24}% 397
\BOOKMARK [2][-]{subsection.6.24.2}{\376\377\000M\000e\000m\000b\000e\000r\000\040\000D\000a\000t\000a\000\040\000D\000o\000c\000u\000m\000e\000n\000t\000a\000t\000i\000o\000n}{section.6.24}% 398
\BOOKMARK [3][-]{subsubsection.6.24.2.1}{\376\377\000d\000e\000f\000a\000u\000l\000t\000I\000n\000s\000t\000a\000n\000c\000e}{subsection.6.24.2}% 399
\BOOKMARK [2][-]{subsection.6.24.3}{\376\377\000P\000r\000o\000p\000e\000r\000t\000y\000\040\000D\000o\000c\000u\000m\000e\000n\000t\000a\000t\000i\000o\000n}{section.6.24}% 400
\BOOKMARK [3][-]{subsubsection.6.24.3.1}{\376\377\000D\000e\000f\000a\000u\000l\000t}{subsection.6.24.3}% 401
\BOOKMARK [3][-]{subsubsection.6.24.3.2}{\376\377\000S\000e\000t\000t\000i\000n\000g}{subsection.6.24.3}% 402
\BOOKMARK [1][-]{section.6.25}{\376\377\000I\000m\000p\000o\000r\000t\000a\000r\000C\000u\000e\000n\000t\000a\000s\000\137\000w\000p\000f\000.\000P\000r\000o\000p\000e\000r\000t\000i\000e\000s\000.\000S\000e\000t\000t\000i\000n\000g\000s\000\040\000C\000l\000a\000s\000s\000\040\000R\000e\000f\000e\000r\000e\000n\000c\000e}{chapter.6}% 403
\BOOKMARK [2][-]{subsection.6.25.1}{\376\377\000D\000e\000t\000a\000i\000l\000e\000d\000\040\000D\000e\000s\000c\000r\000i\000p\000t\000i\000o\000n}{section.6.25}% 404
\BOOKMARK [2][-]{subsection.6.25.2}{\376\377\000M\000e\000m\000b\000e\000r\000\040\000D\000a\000t\000a\000\040\000D\000o\000c\000u\000m\000e\000n\000t\000a\000t\000i\000o\000n}{section.6.25}% 405
\BOOKMARK [3][-]{subsubsection.6.25.2.1}{\376\377\000d\000e\000f\000a\000u\000l\000t\000I\000n\000s\000t\000a\000n\000c\000e}{subsection.6.25.2}% 406
\BOOKMARK [2][-]{subsection.6.25.3}{\376\377\000P\000r\000o\000p\000e\000r\000t\000y\000\040\000D\000o\000c\000u\000m\000e\000n\000t\000a\000t\000i\000o\000n}{section.6.25}% 407
\BOOKMARK [3][-]{subsubsection.6.25.3.1}{\376\377\000D\000e\000f\000a\000u\000l\000t}{subsection.6.25.3}% 408
\BOOKMARK [1][-]{section.6.26}{\376\377\000A\000s\000i\000s\000t\000e\000n\000c\000i\000a\000s\000\137\000w\000p\000f\000.\000P\000r\000o\000p\000e\000r\000t\000i\000e\000s\000.\000S\000e\000t\000t\000i\000n\000g\000s\000\040\000C\000l\000a\000s\000s\000\040\000R\000e\000f\000e\000r\000e\000n\000c\000e}{chapter.6}% 409
\BOOKMARK [2][-]{subsection.6.26.1}{\376\377\000D\000e\000t\000a\000i\000l\000e\000d\000\040\000D\000e\000s\000c\000r\000i\000p\000t\000i\000o\000n}{section.6.26}% 410
\BOOKMARK [2][-]{subsection.6.26.2}{\376\377\000M\000e\000m\000b\000e\000r\000\040\000D\000a\000t\000a\000\040\000D\000o\000c\000u\000m\000e\000n\000t\000a\000t\000i\000o\000n}{section.6.26}% 411
\BOOKMARK [3][-]{subsubsection.6.26.2.1}{\376\377\000d\000e\000f\000a\000u\000l\000t\000I\000n\000s\000t\000a\000n\000c\000e}{subsection.6.26.2}% 412
\BOOKMARK [2][-]{subsection.6.26.3}{\376\377\000P\000r\000o\000p\000e\000r\000t\000y\000\040\000D\000o\000c\000u\000m\000e\000n\000t\000a\000t\000i\000o\000n}{section.6.26}% 413
\BOOKMARK [3][-]{subsubsection.6.26.3.1}{\376\377\000A\000l\000u\000m\000n\000o\000s\000C\000o\000n\000n\000e\000c\000t\000i\000o\000n\000S\000t\000r\000i\000n\000g}{subsection.6.26.3}% 414
\BOOKMARK [3][-]{subsubsection.6.26.3.2}{\376\377\000D\000e\000f\000a\000u\000l\000t}{subsection.6.26.3}% 415
\BOOKMARK [3][-]{subsubsection.6.26.3.3}{\376\377\000U\000l\000t\000i\000m\000a\000P\000a\000r\000c\000i\000a\000l}{subsection.6.26.3}% 416
\BOOKMARK [0][-]{chapter.7}{\376\377\000F\000i\000l\000e\000\040\000D\000o\000c\000u\000m\000e\000n\000t\000a\000t\000i\000o\000n}{}% 417
\BOOKMARK [1][-]{section.7.1}{\376\377\000A\000s\000i\000s\000t\000e\000n\000c\000i\000a\000s\000/\000F\000o\000r\000m\0001\000.\000c\000s\000\040\000F\000i\000l\000e\000\040\000R\000e\000f\000e\000r\000e\000n\000c\000e}{chapter.7}% 418
\BOOKMARK [1][-]{section.7.2}{\376\377\000A\000s\000i\000s\000t\000e\000n\000c\000i\000a\000s\000/\000F\000o\000r\000m\0001\000.\000D\000e\000s\000i\000g\000n\000e\000r\000.\000c\000s\000\040\000F\000i\000l\000e\000\040\000R\000e\000f\000e\000r\000e\000n\000c\000e}{chapter.7}% 419
\BOOKMARK [1][-]{section.7.3}{\376\377\000A\000s\000i\000s\000t\000e\000n\000c\000i\000a\000s\000/\000o\000b\000j\000/\000D\000e\000b\000u\000g\000/\000T\000e\000m\000p\000o\000r\000a\000r\000y\000G\000e\000n\000e\000r\000a\000t\000e\000d\000F\000i\000l\000e\000\137\0000\0003\0006\000C\0000\000B\0005\000B\000-\0001\0004\0008\0001\000-\0004\0003\0002\0003\000-\0008\000D\0002\0000\000-\0008\000F\0005\000A\000D\000C\000B\0002\0003\000D\0009\0002\000.\000c\000s\000\040\000F\000i\000l\000e\000\040\000R\000e\000f\000e\000r\000e\000n\000c\000e}{chapter.7}% 420
\BOOKMARK [1][-]{section.7.4}{\376\377\000A\000s\000i\000s\000t\000e\000n\000c\000i\000a\000s\000/\000o\000b\000j\000/\000R\000e\000l\000e\000a\000s\000e\000/\000T\000e\000m\000p\000o\000r\000a\000r\000y\000G\000e\000n\000e\000r\000a\000t\000e\000d\000F\000i\000l\000e\000\137\0000\0003\0006\000C\0000\000B\0005\000B\000-\0001\0004\0008\0001\000-\0004\0003\0002\0003\000-\0008\000D\0002\0000\000-\0008\000F\0005\000A\000D\000C\000B\0002\0003\000D\0009\0002\000.\000c\000s\000\040\000F\000i\000l\000e\000\040\000R\000e\000f\000e\000r\000e\000n\000c\000e}{chapter.7}% 421
\BOOKMARK [1][-]{section.7.5}{\376\377\000A\000s\000i\000s\000t\000e\000n\000c\000i\000a\000s\000\137\000w\000p\000f\000/\000o\000b\000j\000/\000D\000e\000b\000u\000g\000/\000T\000e\000m\000p\000o\000r\000a\000r\000y\000G\000e\000n\000e\000r\000a\000t\000e\000d\000F\000i\000l\000e\000\137\0000\0003\0006\000C\0000\000B\0005\000B\000-\0001\0004\0008\0001\000-\0004\0003\0002\0003\000-\0008\000D\0002\0000\000-\0008\000F\0005\000A\000D\000C\000B\0002\0003\000D\0009\0002\000.\000c\000s\000\040\000F\000i\000l\000e\000\040\000R\000e\000f\000e\000r\000e\000n\000c\000e}{chapter.7}% 422
\BOOKMARK [1][-]{section.7.6}{\376\377\000A\000s\000i\000s\000t\000e\000n\000c\000i\000a\000s\000\137\000w\000p\000f\000/\000o\000b\000j\000/\000R\000e\000l\000e\000a\000s\000e\000/\000T\000e\000m\000p\000o\000r\000a\000r\000y\000G\000e\000n\000e\000r\000a\000t\000e\000d\000F\000i\000l\000e\000\137\0000\0003\0006\000C\0000\000B\0005\000B\000-\0001\0004\0008\0001\000-\0004\0003\0002\0003\000-\0008\000D\0002\0000\000-\0008\000F\0005\000A\000D\000C\000B\0002\0003\000D\0009\0002\000.\000c\000s\000\040\000F\000i\000l\000e\000\040\000R\000e\000f\000e\000r\000e\000n\000c\000e}{chapter.7}% 423
\BOOKMARK [1][-]{section.7.7}{\376\377\000G\000e\000n\000e\000r\000a\000l\000\040\000c\000u\000e\000n\000t\000a\000s\000/\000o\000b\000j\000/\000D\000e\000b\000u\000g\000/\000T\000e\000m\000p\000o\000r\000a\000r\000y\000G\000e\000n\000e\000r\000a\000t\000e\000d\000F\000i\000l\000e\000\137\0000\0003\0006\000C\0000\000B\0005\000B\000-\0001\0004\0008\0001\000-\0004\0003\0002\0003\000-\0008\000D\0002\0000\000-\0008\000F\0005\000A\000D\000C\000B\0002\0003\000D\0009\0002\000.\000c\000s\000\040\000F\000i\000l\000e\000\040\000R\000e\000f\000e\000r\000e\000n\000c\000e}{chapter.7}% 424
\BOOKMARK [1][-]{section.7.8}{\376\377\000G\000e\000n\000e\000r\000a\000l\000\040\000c\000u\000e\000n\000t\000a\000s\000/\000o\000b\000j\000/\000R\000e\000l\000e\000a\000s\000e\000/\000T\000e\000m\000p\000o\000r\000a\000r\000y\000G\000e\000n\000e\000r\000a\000t\000e\000d\000F\000i\000l\000e\000\137\0000\0003\0006\000C\0000\000B\0005\000B\000-\0001\0004\0008\0001\000-\0004\0003\0002\0003\000-\0008\000D\0002\0000\000-\0008\000F\0005\000A\000D\000C\000B\0002\0003\000D\0009\0002\000.\000c\000s\000\040\000F\000i\000l\000e\000\040\000R\000e\000f\000e\000r\000e\000n\000c\000e}{chapter.7}% 425
\BOOKMARK [1][-]{section.7.9}{\376\377\000m\000a\000t\000r\000i\000x\000/\000o\000b\000j\000/\000D\000e\000b\000u\000g\000/\000T\000e\000m\000p\000o\000r\000a\000r\000y\000G\000e\000n\000e\000r\000a\000t\000e\000d\000F\000i\000l\000e\000\137\0000\0003\0006\000C\0000\000B\0005\000B\000-\0001\0004\0008\0001\000-\0004\0003\0002\0003\000-\0008\000D\0002\0000\000-\0008\000F\0005\000A\000D\000C\000B\0002\0003\000D\0009\0002\000.\000c\000s\000\040\000F\000i\000l\000e\000\040\000R\000e\000f\000e\000r\000e\000n\000c\000e}{chapter.7}% 426
\BOOKMARK [1][-]{section.7.10}{\376\377\000m\000a\000t\000r\000i\000x\000/\000o\000b\000j\000/\000R\000e\000l\000e\000a\000s\000e\000/\000T\000e\000m\000p\000o\000r\000a\000r\000y\000G\000e\000n\000e\000r\000a\000t\000e\000d\000F\000i\000l\000e\000\137\0000\0003\0006\000C\0000\000B\0005\000B\000-\0001\0004\0008\0001\000-\0004\0003\0002\0003\000-\0008\000D\0002\0000\000-\0008\000F\0005\000A\000D\000C\000B\0002\0003\000D\0009\0002\000.\000c\000s\000\040\000F\000i\000l\000e\000\040\000R\000e\000f\000e\000r\000e\000n\000c\000e}{chapter.7}% 427
\BOOKMARK [1][-]{section.7.11}{\376\377\000A\000s\000i\000s\000t\000e\000n\000c\000i\000a\000s\000/\000o\000b\000j\000/\000D\000e\000b\000u\000g\000/\000T\000e\000m\000p\000o\000r\000a\000r\000y\000G\000e\000n\000e\000r\000a\000t\000e\000d\000F\000i\000l\000e\000\137\0005\0009\0003\0007\000a\0006\0007\0000\000-\0000\000e\0006\0000\000-\0004\0000\0007\0007\000-\0008\0007\0007\000b\000-\000f\0007\0002\0002\0001\000d\000a\0003\000d\000d\000a\0001\000.\000c\000s\000\040\000F\000i\000l\000e\000\040\000R\000e\000f\000e\000r\000e\000n\000c\000e}{chapter.7}% 428
\BOOKMARK [1][-]{section.7.12}{\376\377\000A\000s\000i\000s\000t\000e\000n\000c\000i\000a\000s\000/\000o\000b\000j\000/\000R\000e\000l\000e\000a\000s\000e\000/\000T\000e\000m\000p\000o\000r\000a\000r\000y\000G\000e\000n\000e\000r\000a\000t\000e\000d\000F\000i\000l\000e\000\137\0005\0009\0003\0007\000a\0006\0007\0000\000-\0000\000e\0006\0000\000-\0004\0000\0007\0007\000-\0008\0007\0007\000b\000-\000f\0007\0002\0002\0001\000d\000a\0003\000d\000d\000a\0001\000.\000c\000s\000\040\000F\000i\000l\000e\000\040\000R\000e\000f\000e\000r\000e\000n\000c\000e}{chapter.7}% 429
\BOOKMARK [1][-]{section.7.13}{\376\377\000A\000s\000i\000s\000t\000e\000n\000c\000i\000a\000s\000\137\000w\000p\000f\000/\000o\000b\000j\000/\000D\000e\000b\000u\000g\000/\000T\000e\000m\000p\000o\000r\000a\000r\000y\000G\000e\000n\000e\000r\000a\000t\000e\000d\000F\000i\000l\000e\000\137\0005\0009\0003\0007\000a\0006\0007\0000\000-\0000\000e\0006\0000\000-\0004\0000\0007\0007\000-\0008\0007\0007\000b\000-\000f\0007\0002\0002\0001\000d\000a\0003\000d\000d\000a\0001\000.\000c\000s\000\040\000F\000i\000l\000e\000\040\000R\000e\000f\000e\000r\000e\000n\000c\000e}{chapter.7}% 430
\BOOKMARK [1][-]{section.7.14}{\376\377\000A\000s\000i\000s\000t\000e\000n\000c\000i\000a\000s\000\137\000w\000p\000f\000/\000o\000b\000j\000/\000R\000e\000l\000e\000a\000s\000e\000/\000T\000e\000m\000p\000o\000r\000a\000r\000y\000G\000e\000n\000e\000r\000a\000t\000e\000d\000F\000i\000l\000e\000\137\0005\0009\0003\0007\000a\0006\0007\0000\000-\0000\000e\0006\0000\000-\0004\0000\0007\0007\000-\0008\0007\0007\000b\000-\000f\0007\0002\0002\0001\000d\000a\0003\000d\000d\000a\0001\000.\000c\000s\000\040\000F\000i\000l\000e\000\040\000R\000e\000f\000e\000r\000e\000n\000c\000e}{chapter.7}% 431
\BOOKMARK [1][-]{section.7.15}{\376\377\000G\000e\000n\000e\000r\000a\000l\000\040\000c\000u\000e\000n\000t\000a\000s\000/\000o\000b\000j\000/\000D\000e\000b\000u\000g\000/\000T\000e\000m\000p\000o\000r\000a\000r\000y\000G\000e\000n\000e\000r\000a\000t\000e\000d\000F\000i\000l\000e\000\137\0005\0009\0003\0007\000a\0006\0007\0000\000-\0000\000e\0006\0000\000-\0004\0000\0007\0007\000-\0008\0007\0007\000b\000-\000f\0007\0002\0002\0001\000d\000a\0003\000d\000d\000a\0001\000.\000c\000s\000\040\000F\000i\000l\000e\000\040\000R\000e\000f\000e\000r\000e\000n\000c\000e}{chapter.7}% 432
\BOOKMARK [1][-]{section.7.16}{\376\377\000G\000e\000n\000e\000r\000a\000l\000\040\000c\000u\000e\000n\000t\000a\000s\000/\000o\000b\000j\000/\000R\000e\000l\000e\000a\000s\000e\000/\000T\000e\000m\000p\000o\000r\000a\000r\000y\000G\000e\000n\000e\000r\000a\000t\000e\000d\000F\000i\000l\000e\000\137\0005\0009\0003\0007\000a\0006\0007\0000\000-\0000\000e\0006\0000\000-\0004\0000\0007\0007\000-\0008\0007\0007\000b\000-\000f\0007\0002\0002\0001\000d\000a\0003\000d\000d\000a\0001\000.\000c\000s\000\040\000F\000i\000l\000e\000\040\000R\000e\000f\000e\000r\000e\000n\000c\000e}{chapter.7}% 433
\BOOKMARK [1][-]{section.7.17}{\376\377\000m\000a\000t\000r\000i\000x\000/\000o\000b\000j\000/\000D\000e\000b\000u\000g\000/\000T\000e\000m\000p\000o\000r\000a\000r\000y\000G\000e\000n\000e\000r\000a\000t\000e\000d\000F\000i\000l\000e\000\137\0005\0009\0003\0007\000a\0006\0007\0000\000-\0000\000e\0006\0000\000-\0004\0000\0007\0007\000-\0008\0007\0007\000b\000-\000f\0007\0002\0002\0001\000d\000a\0003\000d\000d\000a\0001\000.\000c\000s\000\040\000F\000i\000l\000e\000\040\000R\000e\000f\000e\000r\000e\000n\000c\000e}{chapter.7}% 434
\BOOKMARK [1][-]{section.7.18}{\376\377\000m\000a\000t\000r\000i\000x\000/\000o\000b\000j\000/\000R\000e\000l\000e\000a\000s\000e\000/\000T\000e\000m\000p\000o\000r\000a\000r\000y\000G\000e\000n\000e\000r\000a\000t\000e\000d\000F\000i\000l\000e\000\137\0005\0009\0003\0007\000a\0006\0007\0000\000-\0000\000e\0006\0000\000-\0004\0000\0007\0007\000-\0008\0007\0007\000b\000-\000f\0007\0002\0002\0001\000d\000a\0003\000d\000d\000a\0001\000.\000c\000s\000\040\000F\000i\000l\000e\000\040\000R\000e\000f\000e\000r\000e\000n\000c\000e}{chapter.7}% 435
\BOOKMARK [1][-]{section.7.19}{\376\377\000A\000s\000i\000s\000t\000e\000n\000c\000i\000a\000s\000/\000o\000b\000j\000/\000D\000e\000b\000u\000g\000/\000T\000e\000m\000p\000o\000r\000a\000r\000y\000G\000e\000n\000e\000r\000a\000t\000e\000d\000F\000i\000l\000e\000\137\000E\0007\000A\0007\0001\000F\0007\0003\000-\0000\000F\0008\000D\000-\0004\000B\0009\000B\000-\000B\0005\0006\000E\000-\0008\000E\0007\0000\000B\0001\0000\000B\000C\0005\000D\0003\000.\000c\000s\000\040\000F\000i\000l\000e\000\040\000R\000e\000f\000e\000r\000e\000n\000c\000e}{chapter.7}% 436
\BOOKMARK [1][-]{section.7.20}{\376\377\000A\000s\000i\000s\000t\000e\000n\000c\000i\000a\000s\000/\000o\000b\000j\000/\000R\000e\000l\000e\000a\000s\000e\000/\000T\000e\000m\000p\000o\000r\000a\000r\000y\000G\000e\000n\000e\000r\000a\000t\000e\000d\000F\000i\000l\000e\000\137\000E\0007\000A\0007\0001\000F\0007\0003\000-\0000\000F\0008\000D\000-\0004\000B\0009\000B\000-\000B\0005\0006\000E\000-\0008\000E\0007\0000\000B\0001\0000\000B\000C\0005\000D\0003\000.\000c\000s\000\040\000F\000i\000l\000e\000\040\000R\000e\000f\000e\000r\000e\000n\000c\000e}{chapter.7}% 437
\BOOKMARK [1][-]{section.7.21}{\376\377\000A\000s\000i\000s\000t\000e\000n\000c\000i\000a\000s\000\137\000w\000p\000f\000/\000o\000b\000j\000/\000D\000e\000b\000u\000g\000/\000T\000e\000m\000p\000o\000r\000a\000r\000y\000G\000e\000n\000e\000r\000a\000t\000e\000d\000F\000i\000l\000e\000\137\000E\0007\000A\0007\0001\000F\0007\0003\000-\0000\000F\0008\000D\000-\0004\000B\0009\000B\000-\000B\0005\0006\000E\000-\0008\000E\0007\0000\000B\0001\0000\000B\000C\0005\000D\0003\000.\000c\000s\000\040\000F\000i\000l\000e\000\040\000R\000e\000f\000e\000r\000e\000n\000c\000e}{chapter.7}% 438
\BOOKMARK [1][-]{section.7.22}{\376\377\000A\000s\000i\000s\000t\000e\000n\000c\000i\000a\000s\000\137\000w\000p\000f\000/\000o\000b\000j\000/\000R\000e\000l\000e\000a\000s\000e\000/\000T\000e\000m\000p\000o\000r\000a\000r\000y\000G\000e\000n\000e\000r\000a\000t\000e\000d\000F\000i\000l\000e\000\137\000E\0007\000A\0007\0001\000F\0007\0003\000-\0000\000F\0008\000D\000-\0004\000B\0009\000B\000-\000B\0005\0006\000E\000-\0008\000E\0007\0000\000B\0001\0000\000B\000C\0005\000D\0003\000.\000c\000s\000\040\000F\000i\000l\000e\000\040\000R\000e\000f\000e\000r\000e\000n\000c\000e}{chapter.7}% 439
\BOOKMARK [1][-]{section.7.23}{\376\377\000G\000e\000n\000e\000r\000a\000l\000\040\000c\000u\000e\000n\000t\000a\000s\000/\000o\000b\000j\000/\000D\000e\000b\000u\000g\000/\000T\000e\000m\000p\000o\000r\000a\000r\000y\000G\000e\000n\000e\000r\000a\000t\000e\000d\000F\000i\000l\000e\000\137\000E\0007\000A\0007\0001\000F\0007\0003\000-\0000\000F\0008\000D\000-\0004\000B\0009\000B\000-\000B\0005\0006\000E\000-\0008\000E\0007\0000\000B\0001\0000\000B\000C\0005\000D\0003\000.\000c\000s\000\040\000F\000i\000l\000e\000\040\000R\000e\000f\000e\000r\000e\000n\000c\000e}{chapter.7}% 440
\BOOKMARK [1][-]{section.7.24}{\376\377\000G\000e\000n\000e\000r\000a\000l\000\040\000c\000u\000e\000n\000t\000a\000s\000/\000o\000b\000j\000/\000R\000e\000l\000e\000a\000s\000e\000/\000T\000e\000m\000p\000o\000r\000a\000r\000y\000G\000e\000n\000e\000r\000a\000t\000e\000d\000F\000i\000l\000e\000\137\000E\0007\000A\0007\0001\000F\0007\0003\000-\0000\000F\0008\000D\000-\0004\000B\0009\000B\000-\000B\0005\0006\000E\000-\0008\000E\0007\0000\000B\0001\0000\000B\000C\0005\000D\0003\000.\000c\000s\000\040\000F\000i\000l\000e\000\040\000R\000e\000f\000e\000r\000e\000n\000c\000e}{chapter.7}% 441
\BOOKMARK [1][-]{section.7.25}{\376\377\000m\000a\000t\000r\000i\000x\000/\000o\000b\000j\000/\000D\000e\000b\000u\000g\000/\000T\000e\000m\000p\000o\000r\000a\000r\000y\000G\000e\000n\000e\000r\000a\000t\000e\000d\000F\000i\000l\000e\000\137\000E\0007\000A\0007\0001\000F\0007\0003\000-\0000\000F\0008\000D\000-\0004\000B\0009\000B\000-\000B\0005\0006\000E\000-\0008\000E\0007\0000\000B\0001\0000\000B\000C\0005\000D\0003\000.\000c\000s\000\040\000F\000i\000l\000e\000\040\000R\000e\000f\000e\000r\000e\000n\000c\000e}{chapter.7}% 442
\BOOKMARK [1][-]{section.7.26}{\376\377\000m\000a\000t\000r\000i\000x\000/\000o\000b\000j\000/\000R\000e\000l\000e\000a\000s\000e\000/\000T\000e\000m\000p\000o\000r\000a\000r\000y\000G\000e\000n\000e\000r\000a\000t\000e\000d\000F\000i\000l\000e\000\137\000E\0007\000A\0007\0001\000F\0007\0003\000-\0000\000F\0008\000D\000-\0004\000B\0009\000B\000-\000B\0005\0006\000E\000-\0008\000E\0007\0000\000B\0001\0000\000B\000C\0005\000D\0003\000.\000c\000s\000\040\000F\000i\000l\000e\000\040\000R\000e\000f\000e\000r\000e\000n\000c\000e}{chapter.7}% 443
\BOOKMARK [1][-]{section.7.27}{\376\377\000A\000s\000i\000s\000t\000e\000n\000c\000i\000a\000s\000/\000P\000r\000o\000g\000r\000a\000m\000.\000c\000s\000\040\000F\000i\000l\000e\000\040\000R\000e\000f\000e\000r\000e\000n\000c\000e}{chapter.7}% 444
\BOOKMARK [1][-]{section.7.28}{\376\377\000G\000e\000n\000e\000r\000a\000l\000\040\000c\000u\000e\000n\000t\000a\000s\000/\000P\000r\000o\000g\000r\000a\000m\000.\000c\000s\000\040\000F\000i\000l\000e\000\040\000R\000e\000f\000e\000r\000e\000n\000c\000e}{chapter.7}% 445
\BOOKMARK [1][-]{section.7.29}{\376\377\000I\000m\000p\000o\000r\000t\000a\000r\000C\000u\000e\000n\000t\000a\000s\000/\000P\000r\000o\000g\000r\000a\000m\000.\000c\000s\000\040\000F\000i\000l\000e\000\040\000R\000e\000f\000e\000r\000e\000n\000c\000e}{chapter.7}% 446
\BOOKMARK [1][-]{section.7.30}{\376\377\000m\000a\000t\000r\000i\000x\000/\000P\000r\000o\000g\000r\000a\000m\000.\000c\000s\000\040\000F\000i\000l\000e\000\040\000R\000e\000f\000e\000r\000e\000n\000c\000e}{chapter.7}% 447
\BOOKMARK [1][-]{section.7.31}{\376\377\000A\000s\000i\000s\000t\000e\000n\000c\000i\000a\000s\000/\000P\000r\000o\000p\000e\000r\000t\000i\000e\000s\000/\000A\000s\000s\000e\000m\000b\000l\000y\000I\000n\000f\000o\000.\000c\000s\000\040\000F\000i\000l\000e\000\040\000R\000e\000f\000e\000r\000e\000n\000c\000e}{chapter.7}% 448
\BOOKMARK [1][-]{section.7.32}{\376\377\000A\000s\000i\000s\000t\000e\000n\000c\000i\000a\000s\000\137\000w\000p\000f\000/\000P\000r\000o\000p\000e\000r\000t\000i\000e\000s\000/\000A\000s\000s\000e\000m\000b\000l\000y\000I\000n\000f\000o\000.\000c\000s\000\040\000F\000i\000l\000e\000\040\000R\000e\000f\000e\000r\000e\000n\000c\000e}{chapter.7}% 449
\BOOKMARK [1][-]{section.7.33}{\376\377\000G\000e\000n\000e\000r\000a\000l\000\040\000c\000u\000e\000n\000t\000a\000s\000/\000P\000r\000o\000p\000e\000r\000t\000i\000e\000s\000/\000A\000s\000s\000e\000m\000b\000l\000y\000I\000n\000f\000o\000.\000c\000s\000\040\000F\000i\000l\000e\000\040\000R\000e\000f\000e\000r\000e\000n\000c\000e}{chapter.7}% 450
\BOOKMARK [1][-]{section.7.34}{\376\377\000I\000m\000p\000o\000r\000t\000a\000r\000C\000u\000e\000n\000t\000a\000s\000/\000P\000r\000o\000p\000e\000r\000t\000i\000e\000s\000/\000A\000s\000s\000e\000m\000b\000l\000y\000I\000n\000f\000o\000.\000c\000s\000\040\000F\000i\000l\000e\000\040\000R\000e\000f\000e\000r\000e\000n\000c\000e}{chapter.7}% 451
\BOOKMARK [1][-]{section.7.35}{\376\377\000I\000m\000p\000o\000r\000t\000a\000r\000C\000u\000e\000n\000t\000a\000s\000\137\000w\000p\000f\000/\000P\000r\000o\000p\000e\000r\000t\000i\000e\000s\000/\000A\000s\000s\000e\000m\000b\000l\000y\000I\000n\000f\000o\000.\000c\000s\000\040\000F\000i\000l\000e\000\040\000R\000e\000f\000e\000r\000e\000n\000c\000e}{chapter.7}% 452
\BOOKMARK [1][-]{section.7.36}{\376\377\000m\000a\000t\000r\000i\000x\000/\000P\000r\000o\000p\000e\000r\000t\000i\000e\000s\000/\000A\000s\000s\000e\000m\000b\000l\000y\000I\000n\000f\000o\000.\000c\000s\000\040\000F\000i\000l\000e\000\040\000R\000e\000f\000e\000r\000e\000n\000c\000e}{chapter.7}% 453
\BOOKMARK [1][-]{section.7.37}{\376\377\000A\000s\000i\000s\000t\000e\000n\000c\000i\000a\000s\000/\000P\000r\000o\000p\000e\000r\000t\000i\000e\000s\000/\000R\000e\000s\000o\000u\000r\000c\000e\000s\000.\000D\000e\000s\000i\000g\000n\000e\000r\000.\000c\000s\000\040\000F\000i\000l\000e\000\040\000R\000e\000f\000e\000r\000e\000n\000c\000e}{chapter.7}% 454
\BOOKMARK [1][-]{section.7.38}{\376\377\000A\000s\000i\000s\000t\000e\000n\000c\000i\000a\000s\000\137\000w\000p\000f\000/\000P\000r\000o\000p\000e\000r\000t\000i\000e\000s\000/\000R\000e\000s\000o\000u\000r\000c\000e\000s\000.\000D\000e\000s\000i\000g\000n\000e\000r\000.\000c\000s\000\040\000F\000i\000l\000e\000\040\000R\000e\000f\000e\000r\000e\000n\000c\000e}{chapter.7}% 455
\BOOKMARK [1][-]{section.7.39}{\376\377\000I\000m\000p\000o\000r\000t\000a\000r\000C\000u\000e\000n\000t\000a\000s\000\137\000w\000p\000f\000/\000P\000r\000o\000p\000e\000r\000t\000i\000e\000s\000/\000R\000e\000s\000o\000u\000r\000c\000e\000s\000.\000D\000e\000s\000i\000g\000n\000e\000r\000.\000c\000s\000\040\000F\000i\000l\000e\000\040\000R\000e\000f\000e\000r\000e\000n\000c\000e}{chapter.7}% 456
\BOOKMARK [1][-]{section.7.40}{\376\377\000A\000s\000i\000s\000t\000e\000n\000c\000i\000a\000s\000/\000P\000r\000o\000p\000e\000r\000t\000i\000e\000s\000/\000S\000e\000t\000t\000i\000n\000g\000s\000.\000D\000e\000s\000i\000g\000n\000e\000r\000.\000c\000s\000\040\000F\000i\000l\000e\000\040\000R\000e\000f\000e\000r\000e\000n\000c\000e}{chapter.7}% 457
\BOOKMARK [1][-]{section.7.41}{\376\377\000A\000s\000i\000s\000t\000e\000n\000c\000i\000a\000s\000\137\000w\000p\000f\000/\000P\000r\000o\000p\000e\000r\000t\000i\000e\000s\000/\000S\000e\000t\000t\000i\000n\000g\000s\000.\000D\000e\000s\000i\000g\000n\000e\000r\000.\000c\000s\000\040\000F\000i\000l\000e\000\040\000R\000e\000f\000e\000r\000e\000n\000c\000e}{chapter.7}% 458
\BOOKMARK [1][-]{section.7.42}{\376\377\000I\000m\000p\000o\000r\000t\000a\000r\000C\000u\000e\000n\000t\000a\000s\000\137\000w\000p\000f\000/\000P\000r\000o\000p\000e\000r\000t\000i\000e\000s\000/\000S\000e\000t\000t\000i\000n\000g\000s\000.\000D\000e\000s\000i\000g\000n\000e\000r\000.\000c\000s\000\040\000F\000i\000l\000e\000\040\000R\000e\000f\000e\000r\000e\000n\000c\000e}{chapter.7}% 459
\BOOKMARK [1][-]{section.7.43}{\376\377\000A\000s\000i\000s\000t\000e\000n\000c\000i\000a\000s\000\137\000w\000p\000f\000/\000A\000l\000u\000m\000n\000o\000s\000D\000a\000t\000a\000S\000e\000t\000.\000D\000e\000s\000i\000g\000n\000e\000r\000.\000c\000s\000\040\000F\000i\000l\000e\000\040\000R\000e\000f\000e\000r\000e\000n\000c\000e}{chapter.7}% 460
\BOOKMARK [1][-]{section.7.44}{\376\377\000A\000s\000i\000s\000t\000e\000n\000c\000i\000a\000s\000\137\000w\000p\000f\000/\000A\000p\000p\000.\000x\000a\000m\000l\000.\000c\000s\000\040\000F\000i\000l\000e\000\040\000R\000e\000f\000e\000r\000e\000n\000c\000e}{chapter.7}% 461
\BOOKMARK [1][-]{section.7.45}{\376\377\000I\000m\000p\000o\000r\000t\000a\000r\000C\000u\000e\000n\000t\000a\000s\000\137\000w\000p\000f\000/\000A\000p\000p\000.\000x\000a\000m\000l\000.\000c\000s\000\040\000F\000i\000l\000e\000\040\000R\000e\000f\000e\000r\000e\000n\000c\000e}{chapter.7}% 462
\BOOKMARK [1][-]{section.7.46}{\376\377\000A\000s\000i\000s\000t\000e\000n\000c\000i\000a\000s\000\137\000w\000p\000f\000/\000A\000s\000i\000s\000t\000e\000n\000c\000i\000a\000.\000c\000s\000\040\000F\000i\000l\000e\000\040\000R\000e\000f\000e\000r\000e\000n\000c\000e}{chapter.7}% 463
\BOOKMARK [1][-]{section.7.47}{\376\377\000A\000s\000i\000s\000t\000e\000n\000c\000i\000a\000s\000\137\000w\000p\000f\000/\000A\000s\000i\000s\000t\000e\000n\000t\000e\000.\000c\000s\000\040\000F\000i\000l\000e\000\040\000R\000e\000f\000e\000r\000e\000n\000c\000e}{chapter.7}% 464
\BOOKMARK [1][-]{section.7.48}{\376\377\000A\000s\000i\000s\000t\000e\000n\000c\000i\000a\000s\000\137\000w\000p\000f\000/\000A\000s\000i\000s\000t\000e\000n\000t\000e\000D\000B\000M\000a\000n\000a\000g\000e\000r\000.\000c\000s\000\040\000F\000i\000l\000e\000\040\000R\000e\000f\000e\000r\000e\000n\000c\000e}{chapter.7}% 465
\BOOKMARK [1][-]{section.7.49}{\376\377\000A\000s\000i\000s\000t\000e\000n\000c\000i\000a\000s\000\137\000w\000p\000f\000/\000A\000s\000i\000s\000t\000e\000n\000t\000e\000s\000P\000o\000p\000u\000l\000a\000t\000o\000r\000.\000c\000s\000\040\000F\000i\000l\000e\000\040\000R\000e\000f\000e\000r\000e\000n\000c\000e}{chapter.7}% 466
\BOOKMARK [1][-]{section.7.50}{\376\377\000A\000s\000i\000s\000t\000e\000n\000c\000i\000a\000s\000\137\000w\000p\000f\000/\000C\000l\000u\000b\000.\000c\000s\000\040\000F\000i\000l\000e\000\040\000R\000e\000f\000e\000r\000e\000n\000c\000e}{chapter.7}% 467
\BOOKMARK [1][-]{section.7.51}{\376\377\000A\000s\000i\000s\000t\000e\000n\000c\000i\000a\000s\000\137\000w\000p\000f\000/\000C\000l\000u\000b\000D\000B\000M\000a\000n\000a\000g\000e\000r\000.\000c\000s\000\040\000F\000i\000l\000e\000\040\000R\000e\000f\000e\000r\000e\000n\000c\000e}{chapter.7}% 468
\BOOKMARK [1][-]{section.7.52}{\376\377\000A\000s\000i\000s\000t\000e\000n\000c\000i\000a\000s\000\137\000w\000p\000f\000/\000M\000a\000i\000n\000W\000i\000n\000d\000o\000w\000.\000x\000a\000m\000l\000.\000c\000s\000\040\000F\000i\000l\000e\000\040\000R\000e\000f\000e\000r\000e\000n\000c\000e}{chapter.7}% 469
\BOOKMARK [1][-]{section.7.53}{\376\377\000I\000m\000p\000o\000r\000t\000a\000r\000C\000u\000e\000n\000t\000a\000s\000\137\000w\000p\000f\000/\000M\000a\000i\000n\000W\000i\000n\000d\000o\000w\000.\000x\000a\000m\000l\000.\000c\000s\000\040\000F\000i\000l\000e\000\040\000R\000e\000f\000e\000r\000e\000n\000c\000e}{chapter.7}% 470
\BOOKMARK [1][-]{section.7.54}{\376\377\000A\000s\000i\000s\000t\000e\000n\000c\000i\000a\000s\000\137\000w\000p\000f\000/\000M\000a\000i\000n\000W\000i\000n\000d\000o\000w\000V\000i\000e\000w\000M\000o\000d\000e\000l\000.\000c\000s\000\040\000F\000i\000l\000e\000\040\000R\000e\000f\000e\000r\000e\000n\000c\000e}{chapter.7}% 471
\BOOKMARK [1][-]{section.7.55}{\376\377\000A\000s\000i\000s\000t\000e\000n\000c\000i\000a\000s\000\137\000w\000p\000f\000/\000M\000o\000d\000i\000f\000i\000c\000a\000r\000C\000l\000u\000b\000.\000x\000a\000m\000l\000.\000c\000s\000\040\000F\000i\000l\000e\000\040\000R\000e\000f\000e\000r\000e\000n\000c\000e}{chapter.7}% 472
\BOOKMARK [1][-]{section.7.56}{\376\377\000A\000s\000i\000s\000t\000e\000n\000c\000i\000a\000s\000\137\000w\000p\000f\000/\000o\000b\000j\000/\000D\000e\000b\000u\000g\000/\000A\000p\000p\000.\000g\000.\000c\000s\000\040\000F\000i\000l\000e\000\040\000R\000e\000f\000e\000r\000e\000n\000c\000e}{chapter.7}% 473
\BOOKMARK [1][-]{section.7.57}{\376\377\000A\000s\000i\000s\000t\000e\000n\000c\000i\000a\000s\000\137\000w\000p\000f\000/\000o\000b\000j\000/\000R\000e\000l\000e\000a\000s\000e\000/\000A\000p\000p\000.\000g\000.\000c\000s\000\040\000F\000i\000l\000e\000\040\000R\000e\000f\000e\000r\000e\000n\000c\000e}{chapter.7}% 474
\BOOKMARK [1][-]{section.7.58}{\376\377\000I\000m\000p\000o\000r\000t\000a\000r\000C\000u\000e\000n\000t\000a\000s\000\137\000w\000p\000f\000/\000o\000b\000j\000/\000R\000e\000l\000e\000a\000s\000e\000/\000A\000p\000p\000.\000g\000.\000c\000s\000\040\000F\000i\000l\000e\000\040\000R\000e\000f\000e\000r\000e\000n\000c\000e}{chapter.7}% 475
\BOOKMARK [1][-]{section.7.59}{\376\377\000A\000s\000i\000s\000t\000e\000n\000c\000i\000a\000s\000\137\000w\000p\000f\000/\000o\000b\000j\000/\000D\000e\000b\000u\000g\000/\000A\000p\000p\000.\000g\000.\000i\000.\000c\000s\000\040\000F\000i\000l\000e\000\040\000R\000e\000f\000e\000r\000e\000n\000c\000e}{chapter.7}% 476
\BOOKMARK [1][-]{section.7.60}{\376\377\000A\000s\000i\000s\000t\000e\000n\000c\000i\000a\000s\000\137\000w\000p\000f\000/\000o\000b\000j\000/\000R\000e\000l\000e\000a\000s\000e\000/\000A\000p\000p\000.\000g\000.\000i\000.\000c\000s\000\040\000F\000i\000l\000e\000\040\000R\000e\000f\000e\000r\000e\000n\000c\000e}{chapter.7}% 477
\BOOKMARK [1][-]{section.7.61}{\376\377\000I\000m\000p\000o\000r\000t\000a\000r\000C\000u\000e\000n\000t\000a\000s\000\137\000w\000p\000f\000/\000o\000b\000j\000/\000R\000e\000l\000e\000a\000s\000e\000/\000A\000p\000p\000.\000g\000.\000i\000.\000c\000s\000\040\000F\000i\000l\000e\000\040\000R\000e\000f\000e\000r\000e\000n\000c\000e}{chapter.7}% 478
\BOOKMARK [1][-]{section.7.62}{\376\377\000A\000s\000i\000s\000t\000e\000n\000c\000i\000a\000s\000\137\000w\000p\000f\000/\000o\000b\000j\000/\000D\000e\000b\000u\000g\000/\000A\000s\000i\000s\000t\000e\000n\000c\000i\000a\000s\000\137\000w\000p\000f\000\137\000C\000o\000n\000t\000e\000n\000t\000.\000g\000.\000i\000.\000c\000s\000\040\000F\000i\000l\000e\000\040\000R\000e\000f\000e\000r\000e\000n\000c\000e}{chapter.7}% 479
\BOOKMARK [1][-]{section.7.63}{\376\377\000A\000s\000i\000s\000t\000e\000n\000c\000i\000a\000s\000\137\000w\000p\000f\000/\000o\000b\000j\000/\000R\000e\000l\000e\000a\000s\000e\000/\000A\000s\000i\000s\000t\000e\000n\000c\000i\000a\000s\000\137\000w\000p\000f\000\137\000C\000o\000n\000t\000e\000n\000t\000.\000g\000.\000i\000.\000c\000s\000\040\000F\000i\000l\000e\000\040\000R\000e\000f\000e\000r\000e\000n\000c\000e}{chapter.7}% 480
\BOOKMARK [1][-]{section.7.64}{\376\377\000A\000s\000i\000s\000t\000e\000n\000c\000i\000a\000s\000\137\000w\000p\000f\000/\000o\000b\000j\000/\000D\000e\000b\000u\000g\000/\000M\000a\000i\000n\000W\000i\000n\000d\000o\000w\000.\000g\000.\000c\000s\000\040\000F\000i\000l\000e\000\040\000R\000e\000f\000e\000r\000e\000n\000c\000e}{chapter.7}% 481
\BOOKMARK [1][-]{section.7.65}{\376\377\000A\000s\000i\000s\000t\000e\000n\000c\000i\000a\000s\000\137\000w\000p\000f\000/\000o\000b\000j\000/\000R\000e\000l\000e\000a\000s\000e\000/\000M\000a\000i\000n\000W\000i\000n\000d\000o\000w\000.\000g\000.\000c\000s\000\040\000F\000i\000l\000e\000\040\000R\000e\000f\000e\000r\000e\000n\000c\000e}{chapter.7}% 482
\BOOKMARK [1][-]{section.7.66}{\376\377\000I\000m\000p\000o\000r\000t\000a\000r\000C\000u\000e\000n\000t\000a\000s\000\137\000w\000p\000f\000/\000o\000b\000j\000/\000R\000e\000l\000e\000a\000s\000e\000/\000M\000a\000i\000n\000W\000i\000n\000d\000o\000w\000.\000g\000.\000c\000s\000\040\000F\000i\000l\000e\000\040\000R\000e\000f\000e\000r\000e\000n\000c\000e}{chapter.7}% 483
\BOOKMARK [1][-]{section.7.67}{\376\377\000A\000s\000i\000s\000t\000e\000n\000c\000i\000a\000s\000\137\000w\000p\000f\000/\000o\000b\000j\000/\000D\000e\000b\000u\000g\000/\000M\000a\000i\000n\000W\000i\000n\000d\000o\000w\000.\000g\000.\000i\000.\000c\000s\000\040\000F\000i\000l\000e\000\040\000R\000e\000f\000e\000r\000e\000n\000c\000e}{chapter.7}% 484
\BOOKMARK [1][-]{section.7.68}{\376\377\000A\000s\000i\000s\000t\000e\000n\000c\000i\000a\000s\000\137\000w\000p\000f\000/\000o\000b\000j\000/\000R\000e\000l\000e\000a\000s\000e\000/\000M\000a\000i\000n\000W\000i\000n\000d\000o\000w\000.\000g\000.\000i\000.\000c\000s\000\040\000F\000i\000l\000e\000\040\000R\000e\000f\000e\000r\000e\000n\000c\000e}{chapter.7}% 485
\BOOKMARK [1][-]{section.7.69}{\376\377\000I\000m\000p\000o\000r\000t\000a\000r\000C\000u\000e\000n\000t\000a\000s\000\137\000w\000p\000f\000/\000o\000b\000j\000/\000R\000e\000l\000e\000a\000s\000e\000/\000M\000a\000i\000n\000W\000i\000n\000d\000o\000w\000.\000g\000.\000i\000.\000c\000s\000\040\000F\000i\000l\000e\000\040\000R\000e\000f\000e\000r\000e\000n\000c\000e}{chapter.7}% 486
\BOOKMARK [1][-]{section.7.70}{\376\377\000A\000s\000i\000s\000t\000e\000n\000c\000i\000a\000s\000\137\000w\000p\000f\000/\000o\000b\000j\000/\000R\000e\000l\000e\000a\000s\000e\000/\000A\000s\000i\000s\000t\000e\000n\000c\000i\000a\000s\000\137\000w\000p\000f\000\137\000C\000o\000n\000t\000e\000n\000t\000.\000g\000.\000c\000s\000\040\000F\000i\000l\000e\000\040\000R\000e\000f\000e\000r\000e\000n\000c\000e}{chapter.7}% 487
\BOOKMARK [1][-]{section.7.71}{\376\377\000A\000s\000i\000s\000t\000e\000n\000c\000i\000a\000s\000\137\000w\000p\000f\000/\000o\000b\000j\000/\000R\000e\000l\000e\000a\000s\000e\000/\000M\000o\000d\000i\000f\000i\000c\000a\000r\000C\000l\000u\000b\000.\000g\000.\000c\000s\000\040\000F\000i\000l\000e\000\040\000R\000e\000f\000e\000r\000e\000n\000c\000e}{chapter.7}% 488
\BOOKMARK [1][-]{section.7.72}{\376\377\000A\000s\000i\000s\000t\000e\000n\000c\000i\000a\000s\000\137\000w\000p\000f\000/\000o\000b\000j\000/\000R\000e\000l\000e\000a\000s\000e\000/\000M\000o\000d\000i\000f\000i\000c\000a\000r\000C\000l\000u\000b\000.\000g\000.\000i\000.\000c\000s\000\040\000F\000i\000l\000e\000\040\000R\000e\000f\000e\000r\000e\000n\000c\000e}{chapter.7}% 489
\BOOKMARK [1][-]{section.7.73}{\376\377\000A\000s\000i\000s\000t\000e\000n\000c\000i\000a\000s\000\137\000w\000p\000f\000/\000o\000b\000j\000/\000R\000e\000l\000e\000a\000s\000e\000/\000R\000e\000g\000i\000s\000t\000r\000o\000C\000l\000u\000b\000.\000g\000.\000c\000s\000\040\000F\000i\000l\000e\000\040\000R\000e\000f\000e\000r\000e\000n\000c\000e}{chapter.7}% 490
\BOOKMARK [1][-]{section.7.74}{\376\377\000A\000s\000i\000s\000t\000e\000n\000c\000i\000a\000s\000\137\000w\000p\000f\000/\000o\000b\000j\000/\000R\000e\000l\000e\000a\000s\000e\000/\000R\000e\000g\000i\000s\000t\000r\000o\000C\000l\000u\000b\000.\000g\000.\000i\000.\000c\000s\000\040\000F\000i\000l\000e\000\040\000R\000e\000f\000e\000r\000e\000n\000c\000e}{chapter.7}% 491
\BOOKMARK [1][-]{section.7.75}{\376\377\000A\000s\000i\000s\000t\000e\000n\000c\000i\000a\000s\000\137\000w\000p\000f\000/\000o\000b\000j\000/\000R\000e\000l\000e\000a\000s\000e\000/\000S\000e\000l\000e\000c\000c\000i\000o\000n\000.\000g\000.\000c\000s\000\040\000F\000i\000l\000e\000\040\000R\000e\000f\000e\000r\000e\000n\000c\000e}{chapter.7}% 492
\BOOKMARK [1][-]{section.7.76}{\376\377\000A\000s\000i\000s\000t\000e\000n\000c\000i\000a\000s\000\137\000w\000p\000f\000/\000o\000b\000j\000/\000R\000e\000l\000e\000a\000s\000e\000/\000S\000e\000l\000e\000c\000c\000i\000o\000n\000.\000g\000.\000i\000.\000c\000s\000\040\000F\000i\000l\000e\000\040\000R\000e\000f\000e\000r\000e\000n\000c\000e}{chapter.7}% 493
\BOOKMARK [1][-]{section.7.77}{\376\377\000A\000s\000i\000s\000t\000e\000n\000c\000i\000a\000s\000\137\000w\000p\000f\000/\000R\000e\000g\000i\000s\000t\000r\000o\000C\000l\000u\000b\000.\000x\000a\000m\000l\000.\000c\000s\000\040\000F\000i\000l\000e\000\040\000R\000e\000f\000e\000r\000e\000n\000c\000e}{chapter.7}% 494
\BOOKMARK [1][-]{section.7.78}{\376\377\000A\000s\000i\000s\000t\000e\000n\000c\000i\000a\000s\000\137\000w\000p\000f\000/\000S\000e\000l\000e\000c\000c\000i\000o\000n\000.\000x\000a\000m\000l\000.\000c\000s\000\040\000F\000i\000l\000e\000\040\000R\000e\000f\000e\000r\000e\000n\000c\000e}{chapter.7}% 495
\BOOKMARK [-1][-]{section*.232}{\376\377\000I\000n\000d\000e\000x}{}% 496
